#
# A fatal error has been detected by the Java Runtime Environment:
#
#  Internal Error (javaClasses.cpp:129), pid=22671, tid=139956140549888
#  fatal error: Invalid layout of preloaded class
#
# JRE version: 7.0_25-b30
# Java VM: OpenJDK 64-Bit Server VM (23.7-b01 mixed mode linux-amd64 compressed oops)
# Failed to write core dump. Core dumps have been disabled. To enable core dumping, try "ulimit -c unlimited" before starting Java again
#
# If you would like to submit a bug report, please include
# instructions on how to reproduce the bug and visit:
#   https://bugs.launchpad.net/ubuntu/+source/openjdk-7/
#

---------------  T H R E A D  ---------------

Current thread (0x00007f4a0c009800):  JavaThread "Unknown thread" [_thread_in_vm, id=22672, stack(0x00007f4a13faa000,0x00007f4a140ab000)]

Stack: [0x00007f4a13faa000,0x00007f4a140ab000],  sp=0x00007f4a140a99e0,  free space=1022k
Native frames: (J=compiled Java code, j=interpreted, Vv=VM code, C=native code)
V  [libjvm.so+0x84e26b]  VMError::report_and_die()+0x16b
V  [libjvm.so+0x3ec0a7]  report_fatal(char const*, int, char const*)+0x57
V  [libjvm.so+0x5282ea]  compute_offset(int&, klassOopDesc*, Symbol*, Symbol*, bool) [clone .constprop.123]+0x11a
V  [libjvm.so+0x528556]  java_lang_String::compute_offsets()+0x36
V  [libjvm.so+0x7dbd8d]  SystemDictionary::initialize_preloaded_classes(Thread*)+0x3d
V  [libjvm.so+0x827e38]  Universe::genesis(Thread*)+0x468
V  [libjvm.so+0x8282ef]  universe2_init()+0x1f
V  [libjvm.so+0x4dd23a]  init_globals()+0x9a
V  [libjvm.so+0x80bfbc]  Threads::create_vm(JavaVMInitArgs*, bool*)+0x39c
V  [libjvm.so+0x544cb8]  JNI_CreateJavaVM+0x58
C  [libjli.so+0x2b24]  __strcat_chk+0x2b24


---------------  P R O C E S S  ---------------

Java Threads: ( => current thread )

Other Threads:

=>0x00007f4a0c009800 (exited) JavaThread "Unknown thread" [_thread_in_vm, id=22672, stack(0x00007f4a13faa000,0x00007f4a140ab000)]

VM state:not at safepoint (not fully initialized)

VM Mutex/Monitor currently owned by a thread: None

GC Heap History (0 events):
No events

Deoptimization events (0 events):
No events

Internal exceptions (0 events):
No events

Events (10 events):
Event: 0.005 loading class 0x00007f4a0c02b280 done
Event: 0.006 loading class 0x00007f4a0c02ab20 done
Event: 0.006 loading class 0x00007f4a0c02aaf0
Event: 0.006 loading class 0x00007f4a0c055e80
Event: 0.006 loading class 0x00007f4a0c055e80 done
Event: 0.006 loading class 0x00007f4a0c055ec0
Event: 0.006 loading class 0x00007f4a0c055ec0 done
Event: 0.006 loading class 0x00007f4a0c055f00
Event: 0.006 loading class 0x00007f4a0c055f00 done
Event: 0.006 loading class 0x00007f4a0c02aaf0 done


Dynamic libraries:
00400000-00401000 r-xp 00000000 08:06 14947771                           /usr/lib/jvm/java-7-openjdk-amd64/jre/bin/java
00600000-00601000 r--p 00000000 08:06 14947771                           /usr/lib/jvm/java-7-openjdk-amd64/jre/bin/java
00601000-00602000 rw-p 00001000 08:06 14947771                           /usr/lib/jvm/java-7-openjdk-amd64/jre/bin/java
023e1000-02402000 rw-p 00000000 00:00 0                                  [heap]
9a000000-9b4c0000 rw-p 00000000 00:00 0 
9b4c0000-a4600000 rw-p 00000000 00:00 0 
a4600000-a8310000 rw-p 00000000 00:00 0 
a8310000-e1760000 rw-p 00000000 00:00 0 
e1760000-e35e0000 rw-p 00000000 00:00 0 
e35e0000-100000000 rw-p 00000000 00:00 0 
7f49ec000000-7f49ec021000 rw-p 00000000 00:00 0 
7f49ec021000-7f49f0000000 ---p 00000000 00:00 0 
7f49f4000000-7f49f4021000 rw-p 00000000 00:00 0 
7f49f4021000-7f49f8000000 ---p 00000000 00:00 0 
7f49fc000000-7f49fc021000 rw-p 00000000 00:00 0 
7f49fc021000-7f4a00000000 ---p 00000000 00:00 0 
7f4a00040000-7f4a04000000 rw-p 00000000 00:00 0 
7f4a04000000-7f4a04021000 rw-p 00000000 00:00 0 
7f4a04021000-7f4a08000000 ---p 00000000 00:00 0 
7f4a09000000-7f4a09270000 rwxp 00000000 00:00 0 
7f4a09270000-7f4a0c060000 rw-p 00000000 00:00 0 
7f4a0c060000-7f4a10000000 ---p 00000000 00:00 0 
7f4a10096000-7f4a102da000 rw-p 00000000 00:00 0 
7f4a102da000-7f4a103a4000 r--s 011ad000 08:06 17574615                   /home/gurutre/adt-bundle-linux-x86_64-20130729/sdk/platforms/android-18/android.jar
7f4a103a4000-7f4a103a5000 ---p 00000000 00:00 0 
7f4a103a5000-7f4a104a5000 rw-p 00000000 00:00 0                          [stack:22676]
7f4a104a5000-7f4a104a6000 ---p 00000000 00:00 0 
7f4a104a6000-7f4a105a6000 rw-p 00000000 00:00 0                          [stack:22675]
7f4a105a6000-7f4a105a7000 ---p 00000000 00:00 0 
7f4a105a7000-7f4a106a7000 rw-p 00000000 00:00 0                          [stack:22674]
7f4a106a7000-7f4a106a8000 ---p 00000000 00:00 0 
7f4a106a8000-7f4a107b3000 rw-p 00000000 00:00 0                          [stack:22673]
7f4a107b3000-7f4a107fb000 rw-p 00000000 00:00 0 
7f4a107fb000-7f4a1081a000 rw-p 00000000 00:00 0 
7f4a1081a000-7f4a109e4000 rw-p 00000000 00:00 0 
7f4a109e4000-7f4a109ef000 rw-p 00000000 00:00 0 
7f4a109ef000-7f4a10a37000 rw-p 00000000 00:00 0 
7f4a10a37000-7f4a10a56000 rw-p 00000000 00:00 0 
7f4a10a56000-7f4a10c1f000 rw-p 00000000 00:00 0 
7f4a10c1f000-7f4a10c2f000 rw-p 00000000 00:00 0 
7f4a10c2f000-7f4a10d14000 rw-p 00000000 00:00 0 
7f4a10d14000-7f4a10d15000 rw-p 00000000 00:00 0 
7f4a10d15000-7f4a10d1d000 r-xp 00000000 08:06 14947752                   /usr/lib/jvm/java-7-openjdk-amd64/jre/lib/amd64/libzip.so
7f4a10d1d000-7f4a10f1c000 ---p 00008000 08:06 14947752                   /usr/lib/jvm/java-7-openjdk-amd64/jre/lib/amd64/libzip.so
7f4a10f1c000-7f4a10f1d000 r--p 00007000 08:06 14947752                   /usr/lib/jvm/java-7-openjdk-amd64/jre/lib/amd64/libzip.so
7f4a10f1d000-7f4a10f1e000 rw-p 00008000 08:06 14947752                   /usr/lib/jvm/java-7-openjdk-amd64/jre/lib/amd64/libzip.so
7f4a10f1e000-7f4a10f2a000 r-xp 00000000 08:06 8131250                    /lib/x86_64-linux-gnu/libnss_files-2.15.so
7f4a10f2a000-7f4a11129000 ---p 0000c000 08:06 8131250                    /lib/x86_64-linux-gnu/libnss_files-2.15.so
7f4a11129000-7f4a1112a000 r--p 0000b000 08:06 8131250                    /lib/x86_64-linux-gnu/libnss_files-2.15.so
7f4a1112a000-7f4a1112b000 rw-p 0000c000 08:06 8131250                    /lib/x86_64-linux-gnu/libnss_files-2.15.so
7f4a1112b000-7f4a11135000 r-xp 00000000 08:06 8131246                    /lib/x86_64-linux-gnu/libnss_nis-2.15.so
7f4a11135000-7f4a11335000 ---p 0000a000 08:06 8131246                    /lib/x86_64-linux-gnu/libnss_nis-2.15.so
7f4a11335000-7f4a11336000 r--p 0000a000 08:06 8131246                    /lib/x86_64-linux-gnu/libnss_nis-2.15.so
7f4a11336000-7f4a11337000 rw-p 0000b000 08:06 8131246                    /lib/x86_64-linux-gnu/libnss_nis-2.15.so
7f4a11337000-7f4a1134e000 r-xp 00000000 08:06 8131260                    /lib/x86_64-linux-gnu/libnsl-2.15.so
7f4a1134e000-7f4a1154d000 ---p 00017000 08:06 8131260                    /lib/x86_64-linux-gnu/libnsl-2.15.so
7f4a1154d000-7f4a1154e000 r--p 00016000 08:06 8131260                    /lib/x86_64-linux-gnu/libnsl-2.15.so
7f4a1154e000-7f4a1154f000 rw-p 00017000 08:06 8131260                    /lib/x86_64-linux-gnu/libnsl-2.15.so
7f4a1154f000-7f4a11551000 rw-p 00000000 00:00 0 
7f4a11551000-7f4a11559000 r-xp 00000000 08:06 8131264                    /lib/x86_64-linux-gnu/libnss_compat-2.15.so
7f4a11559000-7f4a11758000 ---p 00008000 08:06 8131264                    /lib/x86_64-linux-gnu/libnss_compat-2.15.so
7f4a11758000-7f4a11759000 r--p 00007000 08:06 8131264                    /lib/x86_64-linux-gnu/libnss_compat-2.15.so
7f4a11759000-7f4a1175a000 rw-p 00008000 08:06 8131264                    /lib/x86_64-linux-gnu/libnss_compat-2.15.so
7f4a1175a000-7f4a11784000 r-xp 00000000 08:06 14947735                   /usr/lib/jvm/java-7-openjdk-amd64/jre/lib/amd64/libjava.so
7f4a11784000-7f4a11984000 ---p 0002a000 08:06 14947735                   /usr/lib/jvm/java-7-openjdk-amd64/jre/lib/amd64/libjava.so
7f4a11984000-7f4a11985000 r--p 0002a000 08:06 14947735                   /usr/lib/jvm/java-7-openjdk-amd64/jre/lib/amd64/libjava.so
7f4a11985000-7f4a11987000 rw-p 0002b000 08:06 14947735                   /usr/lib/jvm/java-7-openjdk-amd64/jre/lib/amd64/libjava.so
7f4a11987000-7f4a11996000 r-xp 00000000 08:06 14947745                   /usr/lib/jvm/java-7-openjdk-amd64/jre/lib/amd64/libverify.so
7f4a11996000-7f4a11b95000 ---p 0000f000 08:06 14947745                   /usr/lib/jvm/java-7-openjdk-amd64/jre/lib/amd64/libverify.so
7f4a11b95000-7f4a11b97000 r--p 0000e000 08:06 14947745                   /usr/lib/jvm/java-7-openjdk-amd64/jre/lib/amd64/libverify.so
7f4a11b97000-7f4a11b98000 rw-p 00010000 08:06 14947745                   /usr/lib/jvm/java-7-openjdk-amd64/jre/lib/amd64/libverify.so
7f4a11b98000-7f4a11b9f000 r-xp 00000000 08:06 8131252                    /lib/x86_64-linux-gnu/librt-2.15.so
7f4a11b9f000-7f4a11d9e000 ---p 00007000 08:06 8131252                    /lib/x86_64-linux-gnu/librt-2.15.so
7f4a11d9e000-7f4a11d9f000 r--p 00006000 08:06 8131252                    /lib/x86_64-linux-gnu/librt-2.15.so
7f4a11d9f000-7f4a11da0000 rw-p 00007000 08:06 8131252                    /lib/x86_64-linux-gnu/librt-2.15.so
7f4a11da0000-7f4a11db5000 r-xp 00000000 08:06 8130007                    /lib/x86_64-linux-gnu/libgcc_s.so.1
7f4a11db5000-7f4a11fb4000 ---p 00015000 08:06 8130007                    /lib/x86_64-linux-gnu/libgcc_s.so.1
7f4a11fb4000-7f4a11fb5000 r--p 00014000 08:06 8130007                    /lib/x86_64-linux-gnu/libgcc_s.so.1
7f4a11fb5000-7f4a11fb6000 rw-p 00015000 08:06 8130007                    /lib/x86_64-linux-gnu/libgcc_s.so.1
7f4a11fb6000-7f4a120b1000 r-xp 00000000 08:06 8131261                    /lib/x86_64-linux-gnu/libm-2.15.so
7f4a120b1000-7f4a122b0000 ---p 000fb000 08:06 8131261                    /lib/x86_64-linux-gnu/libm-2.15.so
7f4a122b0000-7f4a122b1000 r--p 000fa000 08:06 8131261                    /lib/x86_64-linux-gnu/libm-2.15.so
7f4a122b1000-7f4a122b2000 rw-p 000fb000 08:06 8131261                    /lib/x86_64-linux-gnu/libm-2.15.so
7f4a122b2000-7f4a12397000 r-xp 00000000 08:06 11804397                   /usr/lib/x86_64-linux-gnu/libstdc++.so.6.0.17
7f4a12397000-7f4a12596000 ---p 000e5000 08:06 11804397                   /usr/lib/x86_64-linux-gnu/libstdc++.so.6.0.17
7f4a12596000-7f4a1259e000 r--p 000e4000 08:06 11804397                   /usr/lib/x86_64-linux-gnu/libstdc++.so.6.0.17
7f4a1259e000-7f4a125a0000 rw-p 000ec000 08:06 11804397                   /usr/lib/x86_64-linux-gnu/libstdc++.so.6.0.17
7f4a125a0000-7f4a125b5000 rw-p 00000000 00:00 0 
7f4a125b5000-7f4a12fa4000 r-xp 00000000 08:06 14947731                   /usr/lib/jvm/java-7-openjdk-amd64/jre/lib/amd64/server/libjvm.so
7f4a12fa4000-7f4a131a4000 ---p 009ef000 08:06 14947731                   /usr/lib/jvm/java-7-openjdk-amd64/jre/lib/amd64/server/libjvm.so
7f4a131a4000-7f4a13223000 r--p 009ef000 08:06 14947731                   /usr/lib/jvm/java-7-openjdk-amd64/jre/lib/amd64/server/libjvm.so
7f4a13223000-7f4a13246000 rw-p 00a6e000 08:06 14947731                   /usr/lib/jvm/java-7-openjdk-amd64/jre/lib/amd64/server/libjvm.so
7f4a13246000-7f4a13271000 rw-p 00000000 00:00 0 
7f4a13271000-7f4a13287000 r-xp 00000000 08:06 8130116                    /lib/x86_64-linux-gnu/libz.so.1.2.7
7f4a13287000-7f4a13486000 ---p 00016000 08:06 8130116                    /lib/x86_64-linux-gnu/libz.so.1.2.7
7f4a13486000-7f4a13487000 r--p 00015000 08:06 8130116                    /lib/x86_64-linux-gnu/libz.so.1.2.7
7f4a13487000-7f4a13488000 rw-p 00016000 08:06 8130116                    /lib/x86_64-linux-gnu/libz.so.1.2.7
7f4a13488000-7f4a134a0000 r-xp 00000000 08:06 8131248                    /lib/x86_64-linux-gnu/libpthread-2.15.so
7f4a134a0000-7f4a1369f000 ---p 00018000 08:06 8131248                    /lib/x86_64-linux-gnu/libpthread-2.15.so
7f4a1369f000-7f4a136a0000 r--p 00017000 08:06 8131248                    /lib/x86_64-linux-gnu/libpthread-2.15.so
7f4a136a0000-7f4a136a1000 rw-p 00018000 08:06 8131248                    /lib/x86_64-linux-gnu/libpthread-2.15.so
7f4a136a1000-7f4a136a5000 rw-p 00000000 00:00 0 
7f4a136a5000-7f4a136a7000 r-xp 00000000 08:06 8131263                    /lib/x86_64-linux-gnu/libdl-2.15.so
7f4a136a7000-7f4a138a7000 ---p 00002000 08:06 8131263                    /lib/x86_64-linux-gnu/libdl-2.15.so
7f4a138a7000-7f4a138a8000 r--p 00002000 08:06 8131263                    /lib/x86_64-linux-gnu/libdl-2.15.so
7f4a138a8000-7f4a138a9000 rw-p 00003000 08:06 8131263                    /lib/x86_64-linux-gnu/libdl-2.15.so
7f4a138a9000-7f4a13a5e000 r-xp 00000000 08:06 8131265                    /lib/x86_64-linux-gnu/libc-2.15.so
7f4a13a5e000-7f4a13c5d000 ---p 001b5000 08:06 8131265                    /lib/x86_64-linux-gnu/libc-2.15.so
7f4a13c5d000-7f4a13c61000 r--p 001b4000 08:06 8131265                    /lib/x86_64-linux-gnu/libc-2.15.so
7f4a13c61000-7f4a13c63000 rw-p 001b8000 08:06 8131265                    /lib/x86_64-linux-gnu/libc-2.15.so
7f4a13c63000-7f4a13c68000 rw-p 00000000 00:00 0 
7f4a13c82000-7f4a13c8f000 r-xp 00000000 08:06 14947736                   /usr/lib/jvm/java-7-openjdk-amd64/jre/lib/amd64/jli/libjli.so
7f4a13c8f000-7f4a13e8e000 ---p 0000d000 08:06 14947736                   /usr/lib/jvm/java-7-openjdk-amd64/jre/lib/amd64/jli/libjli.so
7f4a13e8e000-7f4a13e8f000 r--p 0000c000 08:06 14947736                   /usr/lib/jvm/java-7-openjdk-amd64/jre/lib/amd64/jli/libjli.so
7f4a13e8f000-7f4a13e90000 rw-p 0000d000 08:06 14947736                   /usr/lib/jvm/java-7-openjdk-amd64/jre/lib/amd64/jli/libjli.so
7f4a13e90000-7f4a13eb2000 r-xp 00000000 08:06 8131253                    /lib/x86_64-linux-gnu/ld-2.15.so
7f4a13eb6000-7f4a13eea000 rw-p 00000000 00:00 0 
7f4a13eea000-7f4a13fa0000 rw-p 00000000 00:00 0 
7f4a13fa0000-7f4a13fa8000 rw-s 00000000 08:06 14817105                   /tmp/hsperfdata_gurutre/22671
7f4a13fa8000-7f4a13fa9000 rw-p 00000000 00:00 0 
7f4a13fa9000-7f4a13faa000 r--p 00000000 00:00 0 
7f4a13faa000-7f4a13fad000 ---p 00000000 00:00 0 
7f4a13fad000-7f4a140b2000 rw-p 00000000 00:00 0                          [stack:22672]
7f4a140b2000-7f4a140b3000 r--p 00022000 08:06 8131253                    /lib/x86_64-linux-gnu/ld-2.15.so
7f4a140b3000-7f4a140b5000 rw-p 00023000 08:06 8131253                    /lib/x86_64-linux-gnu/ld-2.15.so
7fff5a40a000-7fff5a42b000 rw-p 00000000 00:00 0                          [stack]
7fff5a495000-7fff5a496000 r-xp 00000000 00:00 0                          [vdso]
ffffffffff600000-ffffffffff601000 r-xp 00000000 00:00 0                  [vsyscall]

VM Arguments:
jvm_args: -Dfile.encoding=UTF-8 -Xbootclasspath:/home/gurutre/adt-bundle-linux-x86_64-20130729/sdk/platforms/android-18/android.jar 
java_command: org.eclipse.jdt.internal.junit.runner.RemoteTestRunner -version 3 -port 35333 -testLoaderClass org.eclipse.jdt.internal.junit4.runner.JUnit4TestLoader -loaderpluginname org.eclipse.jdt.junit4.runtime -test com.scoretracker.test.engine.ScoreTrackerEngineTest:testTotals
Launcher Type: SUN_STANDARD

Environment Variables:
PATH=/usr/lib/lightdm/lightdm:/usr/local/sbin:/usr/local/bin:/usr/sbin:/usr/bin:/sbin:/bin:/usr/games:/usr/local/games:/home/gurutre/.rvm/bin
SHELL=/bin/bash
DISPLAY=:0

Signal Handlers:
SIGSEGV: [libjvm.so+0x84ed50], sa_mask[0]=0x7ffbfeff, sa_flags=0x10000004
SIGBUS: [libjvm.so+0x84ed50], sa_mask[0]=0x7ffbfeff, sa_flags=0x10000004
SIGFPE: [libjvm.so+0x6f14c0], sa_mask[0]=0x7ffbfeff, sa_flags=0x10000004
SIGPIPE: [libjvm.so+0x6f14c0], sa_mask[0]=0x7ffbfeff, sa_flags=0x10000004
SIGXFSZ: [libjvm.so+0x6f14c0], sa_mask[0]=0x7ffbfeff, sa_flags=0x10000004
SIGILL: [libjvm.so+0x6f14c0], sa_mask[0]=0x7ffbfeff, sa_flags=0x10000004
SIGUSR1: SIG_DFL, sa_mask[0]=0x00000000, sa_flags=0x00000000
SIGUSR2: [libjvm.so+0x6f1890], sa_mask[0]=0x00000004, sa_flags=0x10000004
SIGHUP: SIG_DFL, sa_mask[0]=0x00000000, sa_flags=0x00000000
SIGINT: SIG_DFL, sa_mask[0]=0x00000000, sa_flags=0x00000000
SIGTERM: SIG_DFL, sa_mask[0]=0x00000000, sa_flags=0x00000000
SIGQUIT: SIG_DFL, sa_mask[0]=0x00000000, sa_flags=0x00000000


---------------  S Y S T E M  ---------------

OS:Ubuntu 12.10 (quantal)
uname:Linux 3.5.0-39-generic #60-Ubuntu SMP Tue Aug 13 18:33:05 UTC 2013 x86_64
libc:glibc 2.15 NPTL 2.15 
rlimit: STACK 8192k, CORE 0k, NPROC 46536, NOFILE 4096, AS infinity
load average:0.57 0.29 0.22

/proc/meminfo:
MemTotal:        5997028 kB
MemFree:         2776476 kB
Buffers:          132936 kB
Cached:          1574072 kB
SwapCached:            0 kB
Active:          1839516 kB
Inactive:        1070528 kB
Active(anon):    1211264 kB
Inactive(anon):   198992 kB
Active(file):     628252 kB
Inactive(file):   871536 kB
Unevictable:       31408 kB
Mlocked:           31424 kB
SwapTotal:       6173692 kB
SwapFree:        6173692 kB
Dirty:                24 kB
Writeback:             0 kB
AnonPages:       1234764 kB
Mapped:           240552 kB
Shmem:            201388 kB
Slab:             155484 kB
SReclaimable:     125708 kB
SUnreclaim:        29776 kB
KernelStack:        3784 kB
PageTables:        29544 kB
NFS_Unstable:          0 kB
Bounce:                0 kB
WritebackTmp:          0 kB
CommitLimit:     9172204 kB
Committed_AS:    4276652 kB
VmallocTotal:   34359738367 kB
VmallocUsed:      456252 kB
VmallocChunk:   34359268752 kB
HardwareCorrupted:     0 kB
AnonHugePages:         0 kB
HugePages_Total:       0
HugePages_Free:        0
HugePages_Rsvd:        0
HugePages_Surp:        0
Hugepagesize:       2048 kB
DirectMap4k:      120832 kB
DirectMap2M:     6141952 kB


CPU:total 4 (2 cores per cpu, 2 threads per core) family 6 model 58 stepping 9, cmov, cx8, fxsr, mmx, sse, sse2, sse3, ssse3, sse4.1, sse4.2, popcnt, avx, ht, tsc, tscinvbit, tscinv

/proc/cpuinfo:
processor	: 0
vendor_id	: GenuineIntel
cpu family	: 6
model		: 58
model name	: Intel(R) Core(TM) i5-3210M CPU @ 2.50GHz
stepping	: 9
microcode	: 0x12
cpu MHz		: 2501.000
cache size	: 3072 KB
physical id	: 0
siblings	: 4
core id		: 0
cpu cores	: 2
apicid		: 0
initial apicid	: 0
fpu		: yes
fpu_exception	: yes
cpuid level	: 13
wp		: yes
flags		: fpu vme de pse tsc msr pae mce cx8 apic sep mtrr pge mca cmov pat pse36 clflush dts acpi mmx fxsr sse sse2 ss ht tm pbe syscall nx rdtscp lm constant_tsc arch_perfmon pebs bts rep_good nopl xtopology nonstop_tsc aperfmperf pni pclmulqdq dtes64 monitor ds_cpl vmx est tm2 ssse3 cx16 xtpr pdcm pcid sse4_1 sse4_2 x2apic popcnt tsc_deadline_timer aes xsave avx f16c rdrand lahf_lm ida arat epb xsaveopt pln pts dtherm tpr_shadow vnmi flexpriority ept vpid fsgsbase smep erms
bogomips	: 4988.59
clflush size	: 64
cache_alignment	: 64
address sizes	: 36 bits physical, 48 bits virtual
power management:

processor	: 1
vendor_id	: GenuineIntel
cpu family	: 6
model		: 58
model name	: Intel(R) Core(TM) i5-3210M CPU @ 2.50GHz
stepping	: 9
microcode	: 0x12
cpu MHz		: 2501.000
cache size	: 3072 KB
physical id	: 0
siblings	: 4
core id		: 1
cpu cores	: 2
apicid		: 2
initial apicid	: 2
fpu		: yes
fpu_exception	: yes
cpuid level	: 13
wp		: yes
flags		: fpu vme de pse tsc msr pae mce cx8 apic sep mtrr pge mca cmov pat pse36 clflush dts acpi mmx fxsr sse sse2 ss ht tm pbe syscall nx rdtscp lm constant_tsc arch_perfmon pebs bts rep_good nopl xtopology nonstop_tsc aperfmperf pni pclmulqdq dtes64 monitor ds_cpl vmx est tm2 ssse3 cx16 xtpr pdcm pcid sse4_1 sse4_2 x2apic popcnt tsc_deadline_timer aes xsave avx f16c rdrand lahf_lm ida arat epb xsaveopt pln pts dtherm tpr_shadow vnmi flexpriority ept vpid fsgsbase smep erms
bogomips	: 4988.59
clflush size	: 64
cache_alignment	: 64
address sizes	: 36 bits physical, 48 bits virtual
power management:

processor	: 2
vendor_id	: GenuineIntel
cpu family	: 6
model		: 58
model name	: Intel(R) Core(TM) i5-3210M CPU @ 2.50GHz
stepping	: 9
microcode	: 0x12
cpu MHz		: 2300.000
cache size	: 3072 KB
physical id	: 0
siblings	: 4
core id		: 0
cpu cores	: 2
apicid		: 1
initial apicid	: 1
fpu		: yes
fpu_exception	: yes
cpuid level	: 13
wp		: yes
flags		: fpu vme de pse tsc msr pae mce cx8 apic sep mtrr pge mca cmov pat pse36 clflush dts acpi mmx fxsr sse sse2 ss ht tm pbe syscall nx rdtscp lm constant_tsc arch_perfmon pebs bts rep_good nopl xtopology nonstop_tsc aperfmperf pni pclmulqdq dtes64 monitor ds_cpl vmx est tm2 ssse3 cx16 xtpr pdcm pcid sse4_1 sse4_2 x2apic popcnt tsc_deadline_timer aes xsave avx f16c rdrand lahf_lm ida arat epb xsaveopt pln pts dtherm tpr_shadow vnmi flexpriority ept vpid fsgsbase smep erms
bogomips	: 4988.59
clflush size	: 64
cache_alignment	: 64
address sizes	: 36 bits physical, 48 bits virtual
power management:

processor	: 3
vendor_id	: GenuineIntel
cpu family	: 6
model		: 58
model name	: Intel(R) Core(TM) i5-3210M CPU @ 2.50GHz
stepping	: 9
microcode	: 0x12
cpu MHz		: 2400.000
cache size	: 3072 KB
physical id	: 0
siblings	: 4
core id		: 1
cpu cores	: 2
apicid		: 3
initial apicid	: 3
fpu		: yes
fpu_exception	: yes
cpuid level	: 13
wp		: yes
flags		: fpu vme de pse tsc msr pae mce cx8 apic sep mtrr pge mca cmov pat pse36 clflush dts acpi mmx fxsr sse sse2 ss ht tm pbe syscall nx rdtscp lm constant_tsc arch_perfmon pebs bts rep_good nopl xtopology nonstop_tsc aperfmperf pni pclmulqdq dtes64 monitor ds_cpl vmx est tm2 ssse3 cx16 xtpr pdcm pcid sse4_1 sse4_2 x2apic popcnt tsc_deadline_timer aes xsave avx f16c rdrand lahf_lm ida arat epb xsaveopt pln pts dtherm tpr_shadow vnmi flexpriority ept vpid fsgsbase smep erms
bogomips	: 4988.59
clflush size	: 64
cache_alignment	: 64
address sizes	: 36 bits physical, 48 bits virtual
power management:



Memory: 4k page, physical 5997028k(2776476k free), swap 6173692k(6173692k free)

vm_info: OpenJDK 64-Bit Server VM (23.7-b01) for linux-amd64 JRE (1.7.0_25-b30), built on Jul  3 2013 13:56:52 by "buildd" with gcc 4.7.2

time: Thu Sep 19 08:55:28 2013
elapsed time: 0 seconds

