#
# A fatal error has been detected by the Java Runtime Environment:
#
#  Internal Error (javaClasses.cpp:129), pid=22802, tid=139868889585408
#  fatal error: Invalid layout of preloaded class
#
# JRE version: 7.0_25-b30
# Java VM: OpenJDK 64-Bit Server VM (23.7-b01 mixed mode linux-amd64 compressed oops)
# Failed to write core dump. Core dumps have been disabled. To enable core dumping, try "ulimit -c unlimited" before starting Java again
#
# If you would like to submit a bug report, please include
# instructions on how to reproduce the bug and visit:
#   https://bugs.launchpad.net/ubuntu/+source/openjdk-7/
#

---------------  T H R E A D  ---------------

Current thread (0x00007f35bc009800):  JavaThread "Unknown thread" [_thread_in_vm, id=22807, stack(0x00007f35c36a9000,0x00007f35c37aa000)]

Stack: [0x00007f35c36a9000,0x00007f35c37aa000],  sp=0x00007f35c37a89e0,  free space=1022k
Native frames: (J=compiled Java code, j=interpreted, Vv=VM code, C=native code)
V  [libjvm.so+0x84e26b]  VMError::report_and_die()+0x16b
V  [libjvm.so+0x3ec0a7]  report_fatal(char const*, int, char const*)+0x57
V  [libjvm.so+0x5282ea]  compute_offset(int&, klassOopDesc*, Symbol*, Symbol*, bool) [clone .constprop.123]+0x11a
V  [libjvm.so+0x528556]  java_lang_String::compute_offsets()+0x36
V  [libjvm.so+0x7dbd8d]  SystemDictionary::initialize_preloaded_classes(Thread*)+0x3d
V  [libjvm.so+0x827e38]  Universe::genesis(Thread*)+0x468
V  [libjvm.so+0x8282ef]  universe2_init()+0x1f
V  [libjvm.so+0x4dd23a]  init_globals()+0x9a
V  [libjvm.so+0x80bfbc]  Threads::create_vm(JavaVMInitArgs*, bool*)+0x39c
V  [libjvm.so+0x544cb8]  JNI_CreateJavaVM+0x58
C  [libjli.so+0x2b24]  __strcat_chk+0x2b24


---------------  P R O C E S S  ---------------

Java Threads: ( => current thread )

Other Threads:

=>0x00007f35bc009800 (exited) JavaThread "Unknown thread" [_thread_in_vm, id=22807, stack(0x00007f35c36a9000,0x00007f35c37aa000)]

VM state:not at safepoint (not fully initialized)

VM Mutex/Monitor currently owned by a thread: None

GC Heap History (0 events):
No events

Deoptimization events (0 events):
No events

Internal exceptions (0 events):
No events

Events (10 events):
Event: 0.007 loading class 0x00007f35bc02b280 done
Event: 0.007 loading class 0x00007f35bc02ab20 done
Event: 0.007 loading class 0x00007f35bc02aaf0
Event: 0.007 loading class 0x00007f35bc055e80
Event: 0.007 loading class 0x00007f35bc055e80 done
Event: 0.007 loading class 0x00007f35bc055ec0
Event: 0.007 loading class 0x00007f35bc055ec0 done
Event: 0.007 loading class 0x00007f35bc055f00
Event: 0.007 loading class 0x00007f35bc055f00 done
Event: 0.007 loading class 0x00007f35bc02aaf0 done


Dynamic libraries:
00400000-00401000 r-xp 00000000 08:06 14947771                           /usr/lib/jvm/java-7-openjdk-amd64/jre/bin/java
00600000-00601000 r--p 00000000 08:06 14947771                           /usr/lib/jvm/java-7-openjdk-amd64/jre/bin/java
00601000-00602000 rw-p 00001000 08:06 14947771                           /usr/lib/jvm/java-7-openjdk-amd64/jre/bin/java
02053000-02074000 rw-p 00000000 00:00 0                                  [heap]
9a000000-9b4c0000 rw-p 00000000 00:00 0 
9b4c0000-a4600000 rw-p 00000000 00:00 0 
a4600000-a8310000 rw-p 00000000 00:00 0 
a8310000-e1760000 rw-p 00000000 00:00 0 
e1760000-e35e0000 rw-p 00000000 00:00 0 
e35e0000-100000000 rw-p 00000000 00:00 0 
7f35a4040000-7f35a8000000 rw-p 00000000 00:00 0 
7f35a8000000-7f35a8021000 rw-p 00000000 00:00 0 
7f35a8021000-7f35ac000000 ---p 00000000 00:00 0 
7f35ac000000-7f35ac021000 rw-p 00000000 00:00 0 
7f35ac021000-7f35b0000000 ---p 00000000 00:00 0 
7f35b0000000-7f35b0021000 rw-p 00000000 00:00 0 
7f35b0021000-7f35b4000000 ---p 00000000 00:00 0 
7f35b4000000-7f35b4021000 rw-p 00000000 00:00 0 
7f35b4021000-7f35b8000000 ---p 00000000 00:00 0 
7f35b873b000-7f35b8949000 rw-p 00000000 00:00 0 
7f35b8949000-7f35b8a13000 r--s 011ad000 08:06 17574615                   /home/gurutre/adt-bundle-linux-x86_64-20130729/sdk/platforms/android-18/android.jar
7f35b8a13000-7f35b8a14000 ---p 00000000 00:00 0 
7f35b8a14000-7f35b8b14000 rw-p 00000000 00:00 0                          [stack:22812]
7f35b8b14000-7f35b8b15000 ---p 00000000 00:00 0 
7f35b8b15000-7f35b8c15000 rw-p 00000000 00:00 0                          [stack:22811]
7f35b8c15000-7f35b8c16000 ---p 00000000 00:00 0 
7f35b8c16000-7f35b8d16000 rw-p 00000000 00:00 0                          [stack:22810]
7f35b8d16000-7f35b8d17000 ---p 00000000 00:00 0 
7f35b8d17000-7f35b8e36000 rw-p 00000000 00:00 0                          [stack:22809]
7f35b8e36000-7f35b9000000 rw-p 00000000 00:00 0 
7f35b9000000-7f35b9270000 rwxp 00000000 00:00 0 
7f35b9270000-7f35bc060000 rw-p 00000000 00:00 0 
7f35bc060000-7f35c0000000 ---p 00000000 00:00 0 
7f35c0059000-7f35c009b000 rw-p 00000000 00:00 0 
7f35c009b000-7f35c00e3000 rw-p 00000000 00:00 0 
7f35c00e3000-7f35c00ee000 rw-p 00000000 00:00 0 
7f35c00ee000-7f35c0136000 rw-p 00000000 00:00 0 
7f35c0136000-7f35c0155000 rw-p 00000000 00:00 0 
7f35c0155000-7f35c031e000 rw-p 00000000 00:00 0 
7f35c031e000-7f35c032e000 rw-p 00000000 00:00 0 
7f35c032e000-7f35c0413000 rw-p 00000000 00:00 0 
7f35c0413000-7f35c0414000 rw-p 00000000 00:00 0 
7f35c0414000-7f35c041c000 r-xp 00000000 08:06 14947752                   /usr/lib/jvm/java-7-openjdk-amd64/jre/lib/amd64/libzip.so
7f35c041c000-7f35c061b000 ---p 00008000 08:06 14947752                   /usr/lib/jvm/java-7-openjdk-amd64/jre/lib/amd64/libzip.so
7f35c061b000-7f35c061c000 r--p 00007000 08:06 14947752                   /usr/lib/jvm/java-7-openjdk-amd64/jre/lib/amd64/libzip.so
7f35c061c000-7f35c061d000 rw-p 00008000 08:06 14947752                   /usr/lib/jvm/java-7-openjdk-amd64/jre/lib/amd64/libzip.so
7f35c061d000-7f35c0629000 r-xp 00000000 08:06 8131250                    /lib/x86_64-linux-gnu/libnss_files-2.15.so
7f35c0629000-7f35c0828000 ---p 0000c000 08:06 8131250                    /lib/x86_64-linux-gnu/libnss_files-2.15.so
7f35c0828000-7f35c0829000 r--p 0000b000 08:06 8131250                    /lib/x86_64-linux-gnu/libnss_files-2.15.so
7f35c0829000-7f35c082a000 rw-p 0000c000 08:06 8131250                    /lib/x86_64-linux-gnu/libnss_files-2.15.so
7f35c082a000-7f35c0834000 r-xp 00000000 08:06 8131246                    /lib/x86_64-linux-gnu/libnss_nis-2.15.so
7f35c0834000-7f35c0a34000 ---p 0000a000 08:06 8131246                    /lib/x86_64-linux-gnu/libnss_nis-2.15.so
7f35c0a34000-7f35c0a35000 r--p 0000a000 08:06 8131246                    /lib/x86_64-linux-gnu/libnss_nis-2.15.so
7f35c0a35000-7f35c0a36000 rw-p 0000b000 08:06 8131246                    /lib/x86_64-linux-gnu/libnss_nis-2.15.so
7f35c0a36000-7f35c0a4d000 r-xp 00000000 08:06 8131260                    /lib/x86_64-linux-gnu/libnsl-2.15.so
7f35c0a4d000-7f35c0c4c000 ---p 00017000 08:06 8131260                    /lib/x86_64-linux-gnu/libnsl-2.15.so
7f35c0c4c000-7f35c0c4d000 r--p 00016000 08:06 8131260                    /lib/x86_64-linux-gnu/libnsl-2.15.so
7f35c0c4d000-7f35c0c4e000 rw-p 00017000 08:06 8131260                    /lib/x86_64-linux-gnu/libnsl-2.15.so
7f35c0c4e000-7f35c0c50000 rw-p 00000000 00:00 0 
7f35c0c50000-7f35c0c58000 r-xp 00000000 08:06 8131264                    /lib/x86_64-linux-gnu/libnss_compat-2.15.so
7f35c0c58000-7f35c0e57000 ---p 00008000 08:06 8131264                    /lib/x86_64-linux-gnu/libnss_compat-2.15.so
7f35c0e57000-7f35c0e58000 r--p 00007000 08:06 8131264                    /lib/x86_64-linux-gnu/libnss_compat-2.15.so
7f35c0e58000-7f35c0e59000 rw-p 00008000 08:06 8131264                    /lib/x86_64-linux-gnu/libnss_compat-2.15.so
7f35c0e59000-7f35c0e83000 r-xp 00000000 08:06 14947735                   /usr/lib/jvm/java-7-openjdk-amd64/jre/lib/amd64/libjava.so
7f35c0e83000-7f35c1083000 ---p 0002a000 08:06 14947735                   /usr/lib/jvm/java-7-openjdk-amd64/jre/lib/amd64/libjava.so
7f35c1083000-7f35c1084000 r--p 0002a000 08:06 14947735                   /usr/lib/jvm/java-7-openjdk-amd64/jre/lib/amd64/libjava.so
7f35c1084000-7f35c1086000 rw-p 0002b000 08:06 14947735                   /usr/lib/jvm/java-7-openjdk-amd64/jre/lib/amd64/libjava.so
7f35c1086000-7f35c1095000 r-xp 00000000 08:06 14947745                   /usr/lib/jvm/java-7-openjdk-amd64/jre/lib/amd64/libverify.so
7f35c1095000-7f35c1294000 ---p 0000f000 08:06 14947745                   /usr/lib/jvm/java-7-openjdk-amd64/jre/lib/amd64/libverify.so
7f35c1294000-7f35c1296000 r--p 0000e000 08:06 14947745                   /usr/lib/jvm/java-7-openjdk-amd64/jre/lib/amd64/libverify.so
7f35c1296000-7f35c1297000 rw-p 00010000 08:06 14947745                   /usr/lib/jvm/java-7-openjdk-amd64/jre/lib/amd64/libverify.so
7f35c1297000-7f35c129e000 r-xp 00000000 08:06 8131252                    /lib/x86_64-linux-gnu/librt-2.15.so
7f35c129e000-7f35c149d000 ---p 00007000 08:06 8131252                    /lib/x86_64-linux-gnu/librt-2.15.so
7f35c149d000-7f35c149e000 r--p 00006000 08:06 8131252                    /lib/x86_64-linux-gnu/librt-2.15.so
7f35c149e000-7f35c149f000 rw-p 00007000 08:06 8131252                    /lib/x86_64-linux-gnu/librt-2.15.so
7f35c149f000-7f35c14b4000 r-xp 00000000 08:06 8130007                    /lib/x86_64-linux-gnu/libgcc_s.so.1
7f35c14b4000-7f35c16b3000 ---p 00015000 08:06 8130007                    /lib/x86_64-linux-gnu/libgcc_s.so.1
7f35c16b3000-7f35c16b4000 r--p 00014000 08:06 8130007                    /lib/x86_64-linux-gnu/libgcc_s.so.1
7f35c16b4000-7f35c16b5000 rw-p 00015000 08:06 8130007                    /lib/x86_64-linux-gnu/libgcc_s.so.1
7f35c16b5000-7f35c17b0000 r-xp 00000000 08:06 8131261                    /lib/x86_64-linux-gnu/libm-2.15.so
7f35c17b0000-7f35c19af000 ---p 000fb000 08:06 8131261                    /lib/x86_64-linux-gnu/libm-2.15.so
7f35c19af000-7f35c19b0000 r--p 000fa000 08:06 8131261                    /lib/x86_64-linux-gnu/libm-2.15.so
7f35c19b0000-7f35c19b1000 rw-p 000fb000 08:06 8131261                    /lib/x86_64-linux-gnu/libm-2.15.so
7f35c19b1000-7f35c1a96000 r-xp 00000000 08:06 11804397                   /usr/lib/x86_64-linux-gnu/libstdc++.so.6.0.17
7f35c1a96000-7f35c1c95000 ---p 000e5000 08:06 11804397                   /usr/lib/x86_64-linux-gnu/libstdc++.so.6.0.17
7f35c1c95000-7f35c1c9d000 r--p 000e4000 08:06 11804397                   /usr/lib/x86_64-linux-gnu/libstdc++.so.6.0.17
7f35c1c9d000-7f35c1c9f000 rw-p 000ec000 08:06 11804397                   /usr/lib/x86_64-linux-gnu/libstdc++.so.6.0.17
7f35c1c9f000-7f35c1cb4000 rw-p 00000000 00:00 0 
7f35c1cb4000-7f35c26a3000 r-xp 00000000 08:06 14947731                   /usr/lib/jvm/java-7-openjdk-amd64/jre/lib/amd64/server/libjvm.so
7f35c26a3000-7f35c28a3000 ---p 009ef000 08:06 14947731                   /usr/lib/jvm/java-7-openjdk-amd64/jre/lib/amd64/server/libjvm.so
7f35c28a3000-7f35c2922000 r--p 009ef000 08:06 14947731                   /usr/lib/jvm/java-7-openjdk-amd64/jre/lib/amd64/server/libjvm.so
7f35c2922000-7f35c2945000 rw-p 00a6e000 08:06 14947731                   /usr/lib/jvm/java-7-openjdk-amd64/jre/lib/amd64/server/libjvm.so
7f35c2945000-7f35c2970000 rw-p 00000000 00:00 0 
7f35c2970000-7f35c2986000 r-xp 00000000 08:06 8130116                    /lib/x86_64-linux-gnu/libz.so.1.2.7
7f35c2986000-7f35c2b85000 ---p 00016000 08:06 8130116                    /lib/x86_64-linux-gnu/libz.so.1.2.7
7f35c2b85000-7f35c2b86000 r--p 00015000 08:06 8130116                    /lib/x86_64-linux-gnu/libz.so.1.2.7
7f35c2b86000-7f35c2b87000 rw-p 00016000 08:06 8130116                    /lib/x86_64-linux-gnu/libz.so.1.2.7
7f35c2b87000-7f35c2b9f000 r-xp 00000000 08:06 8131248                    /lib/x86_64-linux-gnu/libpthread-2.15.so
7f35c2b9f000-7f35c2d9e000 ---p 00018000 08:06 8131248                    /lib/x86_64-linux-gnu/libpthread-2.15.so
7f35c2d9e000-7f35c2d9f000 r--p 00017000 08:06 8131248                    /lib/x86_64-linux-gnu/libpthread-2.15.so
7f35c2d9f000-7f35c2da0000 rw-p 00018000 08:06 8131248                    /lib/x86_64-linux-gnu/libpthread-2.15.so
7f35c2da0000-7f35c2da4000 rw-p 00000000 00:00 0 
7f35c2da4000-7f35c2da6000 r-xp 00000000 08:06 8131263                    /lib/x86_64-linux-gnu/libdl-2.15.so
7f35c2da6000-7f35c2fa6000 ---p 00002000 08:06 8131263                    /lib/x86_64-linux-gnu/libdl-2.15.so
7f35c2fa6000-7f35c2fa7000 r--p 00002000 08:06 8131263                    /lib/x86_64-linux-gnu/libdl-2.15.so
7f35c2fa7000-7f35c2fa8000 rw-p 00003000 08:06 8131263                    /lib/x86_64-linux-gnu/libdl-2.15.so
7f35c2fa8000-7f35c315d000 r-xp 00000000 08:06 8131265                    /lib/x86_64-linux-gnu/libc-2.15.so
7f35c315d000-7f35c335c000 ---p 001b5000 08:06 8131265                    /lib/x86_64-linux-gnu/libc-2.15.so
7f35c335c000-7f35c3360000 r--p 001b4000 08:06 8131265                    /lib/x86_64-linux-gnu/libc-2.15.so
7f35c3360000-7f35c3362000 rw-p 001b8000 08:06 8131265                    /lib/x86_64-linux-gnu/libc-2.15.so
7f35c3362000-7f35c3367000 rw-p 00000000 00:00 0 
7f35c3381000-7f35c338e000 r-xp 00000000 08:06 14947736                   /usr/lib/jvm/java-7-openjdk-amd64/jre/lib/amd64/jli/libjli.so
7f35c338e000-7f35c358d000 ---p 0000d000 08:06 14947736                   /usr/lib/jvm/java-7-openjdk-amd64/jre/lib/amd64/jli/libjli.so
7f35c358d000-7f35c358e000 r--p 0000c000 08:06 14947736                   /usr/lib/jvm/java-7-openjdk-amd64/jre/lib/amd64/jli/libjli.so
7f35c358e000-7f35c358f000 rw-p 0000d000 08:06 14947736                   /usr/lib/jvm/java-7-openjdk-amd64/jre/lib/amd64/jli/libjli.so
7f35c358f000-7f35c35b1000 r-xp 00000000 08:06 8131253                    /lib/x86_64-linux-gnu/ld-2.15.so
7f35c35b6000-7f35c35e9000 rw-p 00000000 00:00 0 
7f35c35e9000-7f35c369f000 rw-p 00000000 00:00 0 
7f35c369f000-7f35c36a7000 rw-s 00000000 08:06 14817105                   /tmp/hsperfdata_gurutre/22802
7f35c36a7000-7f35c36a8000 rw-p 00000000 00:00 0 
7f35c36a8000-7f35c36a9000 r--p 00000000 00:00 0 
7f35c36a9000-7f35c36ac000 ---p 00000000 00:00 0 
7f35c36ac000-7f35c37b1000 rw-p 00000000 00:00 0                          [stack:22807]
7f35c37b1000-7f35c37b2000 r--p 00022000 08:06 8131253                    /lib/x86_64-linux-gnu/ld-2.15.so
7f35c37b2000-7f35c37b4000 rw-p 00023000 08:06 8131253                    /lib/x86_64-linux-gnu/ld-2.15.so
7fff05969000-7fff0598a000 rw-p 00000000 00:00 0                          [stack]
7fff059ff000-7fff05a00000 r-xp 00000000 00:00 0                          [vdso]
ffffffffff600000-ffffffffff601000 r-xp 00000000 00:00 0                  [vsyscall]

VM Arguments:
jvm_args: -Dfile.encoding=UTF-8 -Xbootclasspath:/home/gurutre/adt-bundle-linux-x86_64-20130729/sdk/platforms/android-18/android.jar 
java_command: org.eclipse.jdt.internal.junit.runner.RemoteTestRunner -version 3 -port 56269 -testLoaderClass org.eclipse.jdt.internal.junit4.runner.JUnit4TestLoader -loaderpluginname org.eclipse.jdt.junit4.runtime -test com.scoretracker.test.engine.ScoreTrackerEngineTest:testTotals
Launcher Type: SUN_STANDARD

Environment Variables:
PATH=/usr/lib/lightdm/lightdm:/usr/local/sbin:/usr/local/bin:/usr/sbin:/usr/bin:/sbin:/bin:/usr/games:/usr/local/games:/home/gurutre/.rvm/bin
SHELL=/bin/bash
DISPLAY=:0

Signal Handlers:
SIGSEGV: [libjvm.so+0x84ed50], sa_mask[0]=0x7ffbfeff, sa_flags=0x10000004
SIGBUS: [libjvm.so+0x84ed50], sa_mask[0]=0x7ffbfeff, sa_flags=0x10000004
SIGFPE: [libjvm.so+0x6f14c0], sa_mask[0]=0x7ffbfeff, sa_flags=0x10000004
SIGPIPE: [libjvm.so+0x6f14c0], sa_mask[0]=0x7ffbfeff, sa_flags=0x10000004
SIGXFSZ: [libjvm.so+0x6f14c0], sa_mask[0]=0x7ffbfeff, sa_flags=0x10000004
SIGILL: [libjvm.so+0x6f14c0], sa_mask[0]=0x7ffbfeff, sa_flags=0x10000004
SIGUSR1: SIG_DFL, sa_mask[0]=0x00000000, sa_flags=0x00000000
SIGUSR2: [libjvm.so+0x6f1890], sa_mask[0]=0x00000004, sa_flags=0x10000004
SIGHUP: SIG_DFL, sa_mask[0]=0x00000000, sa_flags=0x00000000
SIGINT: SIG_DFL, sa_mask[0]=0x00000000, sa_flags=0x00000000
SIGTERM: SIG_DFL, sa_mask[0]=0x00000000, sa_flags=0x00000000
SIGQUIT: SIG_DFL, sa_mask[0]=0x00000000, sa_flags=0x00000000


---------------  S Y S T E M  ---------------

OS:Ubuntu 12.10 (quantal)
uname:Linux 3.5.0-39-generic #60-Ubuntu SMP Tue Aug 13 18:33:05 UTC 2013 x86_64
libc:glibc 2.15 NPTL 2.15 
rlimit: STACK 8192k, CORE 0k, NPROC 46536, NOFILE 4096, AS infinity
load average:0.48 0.28 0.23

/proc/meminfo:
MemTotal:        5997028 kB
MemFree:         2776004 kB
Buffers:          132960 kB
Cached:          1572240 kB
SwapCached:            0 kB
Active:          1843740 kB
Inactive:        1067292 kB
Active(anon):    1213844 kB
Inactive(anon):   197080 kB
Active(file):     629896 kB
Inactive(file):   870212 kB
Unevictable:       31408 kB
Mlocked:           31424 kB
SwapTotal:       6173692 kB
SwapFree:        6173692 kB
Dirty:               276 kB
Writeback:             0 kB
AnonPages:       1237312 kB
Mapped:           240552 kB
Shmem:            199268 kB
Slab:             155544 kB
SReclaimable:     125700 kB
SUnreclaim:        29844 kB
KernelStack:        3800 kB
PageTables:        29544 kB
NFS_Unstable:          0 kB
Bounce:                0 kB
WritebackTmp:          0 kB
CommitLimit:     9172204 kB
Committed_AS:    4268404 kB
VmallocTotal:   34359738367 kB
VmallocUsed:      456252 kB
VmallocChunk:   34359268752 kB
HardwareCorrupted:     0 kB
AnonHugePages:         0 kB
HugePages_Total:       0
HugePages_Free:        0
HugePages_Rsvd:        0
HugePages_Surp:        0
Hugepagesize:       2048 kB
DirectMap4k:      120832 kB
DirectMap2M:     6141952 kB


CPU:total 4 (2 cores per cpu, 2 threads per core) family 6 model 58 stepping 9, cmov, cx8, fxsr, mmx, sse, sse2, sse3, ssse3, sse4.1, sse4.2, popcnt, avx, ht, tsc, tscinvbit, tscinv

/proc/cpuinfo:
processor	: 0
vendor_id	: GenuineIntel
cpu family	: 6
model		: 58
model name	: Intel(R) Core(TM) i5-3210M CPU @ 2.50GHz
stepping	: 9
microcode	: 0x12
cpu MHz		: 2501.000
cache size	: 3072 KB
physical id	: 0
siblings	: 4
core id		: 0
cpu cores	: 2
apicid		: 0
initial apicid	: 0
fpu		: yes
fpu_exception	: yes
cpuid level	: 13
wp		: yes
flags		: fpu vme de pse tsc msr pae mce cx8 apic sep mtrr pge mca cmov pat pse36 clflush dts acpi mmx fxsr sse sse2 ss ht tm pbe syscall nx rdtscp lm constant_tsc arch_perfmon pebs bts rep_good nopl xtopology nonstop_tsc aperfmperf pni pclmulqdq dtes64 monitor ds_cpl vmx est tm2 ssse3 cx16 xtpr pdcm pcid sse4_1 sse4_2 x2apic popcnt tsc_deadline_timer aes xsave avx f16c rdrand lahf_lm ida arat epb xsaveopt pln pts dtherm tpr_shadow vnmi flexpriority ept vpid fsgsbase smep erms
bogomips	: 4988.59
clflush size	: 64
cache_alignment	: 64
address sizes	: 36 bits physical, 48 bits virtual
power management:

processor	: 1
vendor_id	: GenuineIntel
cpu family	: 6
model		: 58
model name	: Intel(R) Core(TM) i5-3210M CPU @ 2.50GHz
stepping	: 9
microcode	: 0x12
cpu MHz		: 2400.000
cache size	: 3072 KB
physical id	: 0
siblings	: 4
core id		: 1
cpu cores	: 2
apicid		: 2
initial apicid	: 2
fpu		: yes
fpu_exception	: yes
cpuid level	: 13
wp		: yes
flags		: fpu vme de pse tsc msr pae mce cx8 apic sep mtrr pge mca cmov pat pse36 clflush dts acpi mmx fxsr sse sse2 ss ht tm pbe syscall nx rdtscp lm constant_tsc arch_perfmon pebs bts rep_good nopl xtopology nonstop_tsc aperfmperf pni pclmulqdq dtes64 monitor ds_cpl vmx est tm2 ssse3 cx16 xtpr pdcm pcid sse4_1 sse4_2 x2apic popcnt tsc_deadline_timer aes xsave avx f16c rdrand lahf_lm ida arat epb xsaveopt pln pts dtherm tpr_shadow vnmi flexpriority ept vpid fsgsbase smep erms
bogomips	: 4988.59
clflush size	: 64
cache_alignment	: 64
address sizes	: 36 bits physical, 48 bits virtual
power management:

processor	: 2
vendor_id	: GenuineIntel
cpu family	: 6
model		: 58
model name	: Intel(R) Core(TM) i5-3210M CPU @ 2.50GHz
stepping	: 9
microcode	: 0x12
cpu MHz		: 2501.000
cache size	: 3072 KB
physical id	: 0
siblings	: 4
core id		: 0
cpu cores	: 2
apicid		: 1
initial apicid	: 1
fpu		: yes
fpu_exception	: yes
cpuid level	: 13
wp		: yes
flags		: fpu vme de pse tsc msr pae mce cx8 apic sep mtrr pge mca cmov pat pse36 clflush dts acpi mmx fxsr sse sse2 ss ht tm pbe syscall nx rdtscp lm constant_tsc arch_perfmon pebs bts rep_good nopl xtopology nonstop_tsc aperfmperf pni pclmulqdq dtes64 monitor ds_cpl vmx est tm2 ssse3 cx16 xtpr pdcm pcid sse4_1 sse4_2 x2apic popcnt tsc_deadline_timer aes xsave avx f16c rdrand lahf_lm ida arat epb xsaveopt pln pts dtherm tpr_shadow vnmi flexpriority ept vpid fsgsbase smep erms
bogomips	: 4988.59
clflush size	: 64
cache_alignment	: 64
address sizes	: 36 bits physical, 48 bits virtual
power management:

processor	: 3
vendor_id	: GenuineIntel
cpu family	: 6
model		: 58
model name	: Intel(R) Core(TM) i5-3210M CPU @ 2.50GHz
stepping	: 9
microcode	: 0x12
cpu MHz		: 2501.000
cache size	: 3072 KB
physical id	: 0
siblings	: 4
core id		: 1
cpu cores	: 2
apicid		: 3
initial apicid	: 3
fpu		: yes
fpu_exception	: yes
cpuid level	: 13
wp		: yes
flags		: fpu vme de pse tsc msr pae mce cx8 apic sep mtrr pge mca cmov pat pse36 clflush dts acpi mmx fxsr sse sse2 ss ht tm pbe syscall nx rdtscp lm constant_tsc arch_perfmon pebs bts rep_good nopl xtopology nonstop_tsc aperfmperf pni pclmulqdq dtes64 monitor ds_cpl vmx est tm2 ssse3 cx16 xtpr pdcm pcid sse4_1 sse4_2 x2apic popcnt tsc_deadline_timer aes xsave avx f16c rdrand lahf_lm ida arat epb xsaveopt pln pts dtherm tpr_shadow vnmi flexpriority ept vpid fsgsbase smep erms
bogomips	: 4988.59
clflush size	: 64
cache_alignment	: 64
address sizes	: 36 bits physical, 48 bits virtual
power management:



Memory: 4k page, physical 5997028k(2776004k free), swap 6173692k(6173692k free)

vm_info: OpenJDK 64-Bit Server VM (23.7-b01) for linux-amd64 JRE (1.7.0_25-b30), built on Jul  3 2013 13:56:52 by "buildd" with gcc 4.7.2

time: Thu Sep 19 08:55:51 2013
elapsed time: 0 seconds

