#
# A fatal error has been detected by the Java Runtime Environment:
#
#  Internal Error (javaClasses.cpp:129), pid=22773, tid=140505947072256
#  fatal error: Invalid layout of preloaded class
#
# JRE version: 7.0_25-b30
# Java VM: OpenJDK 64-Bit Server VM (23.7-b01 mixed mode linux-amd64 compressed oops)
# Failed to write core dump. Core dumps have been disabled. To enable core dumping, try "ulimit -c unlimited" before starting Java again
#
# If you would like to submit a bug report, please include
# instructions on how to reproduce the bug and visit:
#   https://bugs.launchpad.net/ubuntu/+source/openjdk-7/
#

---------------  T H R E A D  ---------------

Current thread (0x00007fca10009800):  JavaThread "Unknown thread" [_thread_in_vm, id=22779, stack(0x00007fca17006000,0x00007fca17107000)]

Stack: [0x00007fca17006000,0x00007fca17107000],  sp=0x00007fca171059e0,  free space=1022k
Native frames: (J=compiled Java code, j=interpreted, Vv=VM code, C=native code)
V  [libjvm.so+0x84e26b]  VMError::report_and_die()+0x16b
V  [libjvm.so+0x3ec0a7]  report_fatal(char const*, int, char const*)+0x57
V  [libjvm.so+0x5282ea]  compute_offset(int&, klassOopDesc*, Symbol*, Symbol*, bool) [clone .constprop.123]+0x11a
V  [libjvm.so+0x528556]  java_lang_String::compute_offsets()+0x36
V  [libjvm.so+0x7dbd8d]  SystemDictionary::initialize_preloaded_classes(Thread*)+0x3d
V  [libjvm.so+0x827e38]  Universe::genesis(Thread*)+0x468
V  [libjvm.so+0x8282ef]  universe2_init()+0x1f
V  [libjvm.so+0x4dd23a]  init_globals()+0x9a
V  [libjvm.so+0x80bfbc]  Threads::create_vm(JavaVMInitArgs*, bool*)+0x39c
V  [libjvm.so+0x544cb8]  JNI_CreateJavaVM+0x58
C  [libjli.so+0x2b24]  __strcat_chk+0x2b24


---------------  P R O C E S S  ---------------

Java Threads: ( => current thread )

Other Threads:

=>0x00007fca10009800 (exited) JavaThread "Unknown thread" [_thread_in_vm, id=22779, stack(0x00007fca17006000,0x00007fca17107000)]

VM state:not at safepoint (not fully initialized)

VM Mutex/Monitor currently owned by a thread: None

GC Heap History (0 events):
No events

Deoptimization events (0 events):
No events

Internal exceptions (0 events):
No events

Events (10 events):
Event: 0.004 loading class 0x00007fca1002b280 done
Event: 0.005 loading class 0x00007fca1002ab20 done
Event: 0.005 loading class 0x00007fca1002aaf0
Event: 0.005 loading class 0x00007fca10055e80
Event: 0.005 loading class 0x00007fca10055e80 done
Event: 0.005 loading class 0x00007fca10055ec0
Event: 0.005 loading class 0x00007fca10055ec0 done
Event: 0.005 loading class 0x00007fca10055f00
Event: 0.005 loading class 0x00007fca10055f00 done
Event: 0.005 loading class 0x00007fca1002aaf0 done


Dynamic libraries:
00400000-00401000 r-xp 00000000 08:06 14947771                           /usr/lib/jvm/java-7-openjdk-amd64/jre/bin/java
00600000-00601000 r--p 00000000 08:06 14947771                           /usr/lib/jvm/java-7-openjdk-amd64/jre/bin/java
00601000-00602000 rw-p 00001000 08:06 14947771                           /usr/lib/jvm/java-7-openjdk-amd64/jre/bin/java
0214c000-0216d000 rw-p 00000000 00:00 0                                  [heap]
9a000000-9b4c0000 rw-p 00000000 00:00 0 
9b4c0000-a4600000 rw-p 00000000 00:00 0 
a4600000-a8310000 rw-p 00000000 00:00 0 
a8310000-e1760000 rw-p 00000000 00:00 0 
e1760000-e35e0000 rw-p 00000000 00:00 0 
e35e0000-100000000 rw-p 00000000 00:00 0 
7fc9f0000000-7fc9f0021000 rw-p 00000000 00:00 0 
7fc9f0021000-7fc9f4000000 ---p 00000000 00:00 0 
7fc9f8000000-7fc9f8021000 rw-p 00000000 00:00 0 
7fc9f8021000-7fc9fc000000 ---p 00000000 00:00 0 
7fca00000000-7fca00021000 rw-p 00000000 00:00 0 
7fca00021000-7fca04000000 ---p 00000000 00:00 0 
7fca04040000-7fca08000000 rw-p 00000000 00:00 0 
7fca08000000-7fca08021000 rw-p 00000000 00:00 0 
7fca08021000-7fca0c000000 ---p 00000000 00:00 0 
7fca0c0bf000-7fca0c303000 rw-p 00000000 00:00 0 
7fca0c303000-7fca0c3cd000 r--s 011ad000 08:06 17574615                   /home/gurutre/adt-bundle-linux-x86_64-20130729/sdk/platforms/android-18/android.jar
7fca0c3cd000-7fca0c3ce000 ---p 00000000 00:00 0 
7fca0c3ce000-7fca0c4ce000 rw-p 00000000 00:00 0                          [stack:22783]
7fca0c4ce000-7fca0c4cf000 ---p 00000000 00:00 0 
7fca0c4cf000-7fca0c5cf000 rw-p 00000000 00:00 0                          [stack:22782]
7fca0c5cf000-7fca0c5d0000 ---p 00000000 00:00 0 
7fca0c5d0000-7fca0c6ef000 rw-p 00000000 00:00 0                          [stack:22781]
7fca0c6ef000-7fca0c8b9000 rw-p 00000000 00:00 0 
7fca0c8b9000-7fca0c8c4000 rw-p 00000000 00:00 0 
7fca0c8c4000-7fca0c90c000 rw-p 00000000 00:00 0 
7fca0c90c000-7fca0c92b000 rw-p 00000000 00:00 0 
7fca0c92b000-7fca0caf4000 rw-p 00000000 00:00 0 
7fca0caf4000-7fca0cb04000 rw-p 00000000 00:00 0 
7fca0cb04000-7fca0cbe9000 rw-p 00000000 00:00 0 
7fca0cbe9000-7fca0cbea000 rw-p 00000000 00:00 0 
7fca0cbea000-7fca0ce5a000 rwxp 00000000 00:00 0 
7fca0ce5a000-7fca0fbea000 rw-p 00000000 00:00 0 
7fca0fbea000-7fca0fbf2000 r-xp 00000000 08:06 14947752                   /usr/lib/jvm/java-7-openjdk-amd64/jre/lib/amd64/libzip.so
7fca0fbf2000-7fca0fdf1000 ---p 00008000 08:06 14947752                   /usr/lib/jvm/java-7-openjdk-amd64/jre/lib/amd64/libzip.so
7fca0fdf1000-7fca0fdf2000 r--p 00007000 08:06 14947752                   /usr/lib/jvm/java-7-openjdk-amd64/jre/lib/amd64/libzip.so
7fca0fdf2000-7fca0fdf3000 rw-p 00008000 08:06 14947752                   /usr/lib/jvm/java-7-openjdk-amd64/jre/lib/amd64/libzip.so
7fca0fdf3000-7fca0fdff000 r-xp 00000000 08:06 8131250                    /lib/x86_64-linux-gnu/libnss_files-2.15.so
7fca0fdff000-7fca0fffe000 ---p 0000c000 08:06 8131250                    /lib/x86_64-linux-gnu/libnss_files-2.15.so
7fca0fffe000-7fca0ffff000 r--p 0000b000 08:06 8131250                    /lib/x86_64-linux-gnu/libnss_files-2.15.so
7fca0ffff000-7fca10000000 rw-p 0000c000 08:06 8131250                    /lib/x86_64-linux-gnu/libnss_files-2.15.so
7fca10000000-7fca10060000 rw-p 00000000 00:00 0 
7fca10060000-7fca14000000 ---p 00000000 00:00 0 
7fca14033000-7fca14034000 ---p 00000000 00:00 0 
7fca14034000-7fca1413f000 rw-p 00000000 00:00 0                          [stack:22780]
7fca1413f000-7fca14187000 rw-p 00000000 00:00 0 
7fca14187000-7fca14191000 r-xp 00000000 08:06 8131246                    /lib/x86_64-linux-gnu/libnss_nis-2.15.so
7fca14191000-7fca14391000 ---p 0000a000 08:06 8131246                    /lib/x86_64-linux-gnu/libnss_nis-2.15.so
7fca14391000-7fca14392000 r--p 0000a000 08:06 8131246                    /lib/x86_64-linux-gnu/libnss_nis-2.15.so
7fca14392000-7fca14393000 rw-p 0000b000 08:06 8131246                    /lib/x86_64-linux-gnu/libnss_nis-2.15.so
7fca14393000-7fca143aa000 r-xp 00000000 08:06 8131260                    /lib/x86_64-linux-gnu/libnsl-2.15.so
7fca143aa000-7fca145a9000 ---p 00017000 08:06 8131260                    /lib/x86_64-linux-gnu/libnsl-2.15.so
7fca145a9000-7fca145aa000 r--p 00016000 08:06 8131260                    /lib/x86_64-linux-gnu/libnsl-2.15.so
7fca145aa000-7fca145ab000 rw-p 00017000 08:06 8131260                    /lib/x86_64-linux-gnu/libnsl-2.15.so
7fca145ab000-7fca145ad000 rw-p 00000000 00:00 0 
7fca145ad000-7fca145b5000 r-xp 00000000 08:06 8131264                    /lib/x86_64-linux-gnu/libnss_compat-2.15.so
7fca145b5000-7fca147b4000 ---p 00008000 08:06 8131264                    /lib/x86_64-linux-gnu/libnss_compat-2.15.so
7fca147b4000-7fca147b5000 r--p 00007000 08:06 8131264                    /lib/x86_64-linux-gnu/libnss_compat-2.15.so
7fca147b5000-7fca147b6000 rw-p 00008000 08:06 8131264                    /lib/x86_64-linux-gnu/libnss_compat-2.15.so
7fca147b6000-7fca147e0000 r-xp 00000000 08:06 14947735                   /usr/lib/jvm/java-7-openjdk-amd64/jre/lib/amd64/libjava.so
7fca147e0000-7fca149e0000 ---p 0002a000 08:06 14947735                   /usr/lib/jvm/java-7-openjdk-amd64/jre/lib/amd64/libjava.so
7fca149e0000-7fca149e1000 r--p 0002a000 08:06 14947735                   /usr/lib/jvm/java-7-openjdk-amd64/jre/lib/amd64/libjava.so
7fca149e1000-7fca149e3000 rw-p 0002b000 08:06 14947735                   /usr/lib/jvm/java-7-openjdk-amd64/jre/lib/amd64/libjava.so
7fca149e3000-7fca149f2000 r-xp 00000000 08:06 14947745                   /usr/lib/jvm/java-7-openjdk-amd64/jre/lib/amd64/libverify.so
7fca149f2000-7fca14bf1000 ---p 0000f000 08:06 14947745                   /usr/lib/jvm/java-7-openjdk-amd64/jre/lib/amd64/libverify.so
7fca14bf1000-7fca14bf3000 r--p 0000e000 08:06 14947745                   /usr/lib/jvm/java-7-openjdk-amd64/jre/lib/amd64/libverify.so
7fca14bf3000-7fca14bf4000 rw-p 00010000 08:06 14947745                   /usr/lib/jvm/java-7-openjdk-amd64/jre/lib/amd64/libverify.so
7fca14bf4000-7fca14bfb000 r-xp 00000000 08:06 8131252                    /lib/x86_64-linux-gnu/librt-2.15.so
7fca14bfb000-7fca14dfa000 ---p 00007000 08:06 8131252                    /lib/x86_64-linux-gnu/librt-2.15.so
7fca14dfa000-7fca14dfb000 r--p 00006000 08:06 8131252                    /lib/x86_64-linux-gnu/librt-2.15.so
7fca14dfb000-7fca14dfc000 rw-p 00007000 08:06 8131252                    /lib/x86_64-linux-gnu/librt-2.15.so
7fca14dfc000-7fca14e11000 r-xp 00000000 08:06 8130007                    /lib/x86_64-linux-gnu/libgcc_s.so.1
7fca14e11000-7fca15010000 ---p 00015000 08:06 8130007                    /lib/x86_64-linux-gnu/libgcc_s.so.1
7fca15010000-7fca15011000 r--p 00014000 08:06 8130007                    /lib/x86_64-linux-gnu/libgcc_s.so.1
7fca15011000-7fca15012000 rw-p 00015000 08:06 8130007                    /lib/x86_64-linux-gnu/libgcc_s.so.1
7fca15012000-7fca1510d000 r-xp 00000000 08:06 8131261                    /lib/x86_64-linux-gnu/libm-2.15.so
7fca1510d000-7fca1530c000 ---p 000fb000 08:06 8131261                    /lib/x86_64-linux-gnu/libm-2.15.so
7fca1530c000-7fca1530d000 r--p 000fa000 08:06 8131261                    /lib/x86_64-linux-gnu/libm-2.15.so
7fca1530d000-7fca1530e000 rw-p 000fb000 08:06 8131261                    /lib/x86_64-linux-gnu/libm-2.15.so
7fca1530e000-7fca153f3000 r-xp 00000000 08:06 11804397                   /usr/lib/x86_64-linux-gnu/libstdc++.so.6.0.17
7fca153f3000-7fca155f2000 ---p 000e5000 08:06 11804397                   /usr/lib/x86_64-linux-gnu/libstdc++.so.6.0.17
7fca155f2000-7fca155fa000 r--p 000e4000 08:06 11804397                   /usr/lib/x86_64-linux-gnu/libstdc++.so.6.0.17
7fca155fa000-7fca155fc000 rw-p 000ec000 08:06 11804397                   /usr/lib/x86_64-linux-gnu/libstdc++.so.6.0.17
7fca155fc000-7fca15611000 rw-p 00000000 00:00 0 
7fca15611000-7fca16000000 r-xp 00000000 08:06 14947731                   /usr/lib/jvm/java-7-openjdk-amd64/jre/lib/amd64/server/libjvm.so
7fca16000000-7fca16200000 ---p 009ef000 08:06 14947731                   /usr/lib/jvm/java-7-openjdk-amd64/jre/lib/amd64/server/libjvm.so
7fca16200000-7fca1627f000 r--p 009ef000 08:06 14947731                   /usr/lib/jvm/java-7-openjdk-amd64/jre/lib/amd64/server/libjvm.so
7fca1627f000-7fca162a2000 rw-p 00a6e000 08:06 14947731                   /usr/lib/jvm/java-7-openjdk-amd64/jre/lib/amd64/server/libjvm.so
7fca162a2000-7fca162cd000 rw-p 00000000 00:00 0 
7fca162cd000-7fca162e3000 r-xp 00000000 08:06 8130116                    /lib/x86_64-linux-gnu/libz.so.1.2.7
7fca162e3000-7fca164e2000 ---p 00016000 08:06 8130116                    /lib/x86_64-linux-gnu/libz.so.1.2.7
7fca164e2000-7fca164e3000 r--p 00015000 08:06 8130116                    /lib/x86_64-linux-gnu/libz.so.1.2.7
7fca164e3000-7fca164e4000 rw-p 00016000 08:06 8130116                    /lib/x86_64-linux-gnu/libz.so.1.2.7
7fca164e4000-7fca164fc000 r-xp 00000000 08:06 8131248                    /lib/x86_64-linux-gnu/libpthread-2.15.so
7fca164fc000-7fca166fb000 ---p 00018000 08:06 8131248                    /lib/x86_64-linux-gnu/libpthread-2.15.so
7fca166fb000-7fca166fc000 r--p 00017000 08:06 8131248                    /lib/x86_64-linux-gnu/libpthread-2.15.so
7fca166fc000-7fca166fd000 rw-p 00018000 08:06 8131248                    /lib/x86_64-linux-gnu/libpthread-2.15.so
7fca166fd000-7fca16701000 rw-p 00000000 00:00 0 
7fca16701000-7fca16703000 r-xp 00000000 08:06 8131263                    /lib/x86_64-linux-gnu/libdl-2.15.so
7fca16703000-7fca16903000 ---p 00002000 08:06 8131263                    /lib/x86_64-linux-gnu/libdl-2.15.so
7fca16903000-7fca16904000 r--p 00002000 08:06 8131263                    /lib/x86_64-linux-gnu/libdl-2.15.so
7fca16904000-7fca16905000 rw-p 00003000 08:06 8131263                    /lib/x86_64-linux-gnu/libdl-2.15.so
7fca16905000-7fca16aba000 r-xp 00000000 08:06 8131265                    /lib/x86_64-linux-gnu/libc-2.15.so
7fca16aba000-7fca16cb9000 ---p 001b5000 08:06 8131265                    /lib/x86_64-linux-gnu/libc-2.15.so
7fca16cb9000-7fca16cbd000 r--p 001b4000 08:06 8131265                    /lib/x86_64-linux-gnu/libc-2.15.so
7fca16cbd000-7fca16cbf000 rw-p 001b8000 08:06 8131265                    /lib/x86_64-linux-gnu/libc-2.15.so
7fca16cbf000-7fca16cc4000 rw-p 00000000 00:00 0 
7fca16cde000-7fca16ceb000 r-xp 00000000 08:06 14947736                   /usr/lib/jvm/java-7-openjdk-amd64/jre/lib/amd64/jli/libjli.so
7fca16ceb000-7fca16eea000 ---p 0000d000 08:06 14947736                   /usr/lib/jvm/java-7-openjdk-amd64/jre/lib/amd64/jli/libjli.so
7fca16eea000-7fca16eeb000 r--p 0000c000 08:06 14947736                   /usr/lib/jvm/java-7-openjdk-amd64/jre/lib/amd64/jli/libjli.so
7fca16eeb000-7fca16eec000 rw-p 0000d000 08:06 14947736                   /usr/lib/jvm/java-7-openjdk-amd64/jre/lib/amd64/jli/libjli.so
7fca16eec000-7fca16f0e000 r-xp 00000000 08:06 8131253                    /lib/x86_64-linux-gnu/ld-2.15.so
7fca16f12000-7fca16f46000 rw-p 00000000 00:00 0 
7fca16f46000-7fca16ffc000 rw-p 00000000 00:00 0 
7fca16ffc000-7fca17004000 rw-s 00000000 08:06 14817105                   /tmp/hsperfdata_gurutre/22773
7fca17004000-7fca17005000 rw-p 00000000 00:00 0 
7fca17005000-7fca17006000 r--p 00000000 00:00 0 
7fca17006000-7fca17009000 ---p 00000000 00:00 0 
7fca17009000-7fca1710e000 rw-p 00000000 00:00 0                          [stack:22779]
7fca1710e000-7fca1710f000 r--p 00022000 08:06 8131253                    /lib/x86_64-linux-gnu/ld-2.15.so
7fca1710f000-7fca17111000 rw-p 00023000 08:06 8131253                    /lib/x86_64-linux-gnu/ld-2.15.so
7fffce358000-7fffce379000 rw-p 00000000 00:00 0                          [stack]
7fffce3ff000-7fffce400000 r-xp 00000000 00:00 0                          [vdso]
ffffffffff600000-ffffffffff601000 r-xp 00000000 00:00 0                  [vsyscall]

VM Arguments:
jvm_args: -Dfile.encoding=UTF-8 -Xbootclasspath:/home/gurutre/adt-bundle-linux-x86_64-20130729/sdk/platforms/android-18/android.jar 
java_command: org.eclipse.jdt.internal.junit.runner.RemoteTestRunner -version 3 -port 53829 -testLoaderClass org.eclipse.jdt.internal.junit4.runner.JUnit4TestLoader -loaderpluginname org.eclipse.jdt.junit4.runtime -test com.scoretracker.test.engine.ScoreTrackerEngineTest:testTotals
Launcher Type: SUN_STANDARD

Environment Variables:
PATH=/usr/lib/lightdm/lightdm:/usr/local/sbin:/usr/local/bin:/usr/sbin:/usr/bin:/sbin:/bin:/usr/games:/usr/local/games:/home/gurutre/.rvm/bin
SHELL=/bin/bash
DISPLAY=:0

Signal Handlers:
SIGSEGV: [libjvm.so+0x84ed50], sa_mask[0]=0x7ffbfeff, sa_flags=0x10000004
SIGBUS: [libjvm.so+0x84ed50], sa_mask[0]=0x7ffbfeff, sa_flags=0x10000004
SIGFPE: [libjvm.so+0x6f14c0], sa_mask[0]=0x7ffbfeff, sa_flags=0x10000004
SIGPIPE: [libjvm.so+0x6f14c0], sa_mask[0]=0x7ffbfeff, sa_flags=0x10000004
SIGXFSZ: [libjvm.so+0x6f14c0], sa_mask[0]=0x7ffbfeff, sa_flags=0x10000004
SIGILL: [libjvm.so+0x6f14c0], sa_mask[0]=0x7ffbfeff, sa_flags=0x10000004
SIGUSR1: SIG_DFL, sa_mask[0]=0x00000000, sa_flags=0x00000000
SIGUSR2: [libjvm.so+0x6f1890], sa_mask[0]=0x00000004, sa_flags=0x10000004
SIGHUP: SIG_DFL, sa_mask[0]=0x00000000, sa_flags=0x00000000
SIGINT: SIG_DFL, sa_mask[0]=0x00000000, sa_flags=0x00000000
SIGTERM: SIG_DFL, sa_mask[0]=0x00000000, sa_flags=0x00000000
SIGQUIT: SIG_DFL, sa_mask[0]=0x00000000, sa_flags=0x00000000


---------------  S Y S T E M  ---------------

OS:Ubuntu 12.10 (quantal)
uname:Linux 3.5.0-39-generic #60-Ubuntu SMP Tue Aug 13 18:33:05 UTC 2013 x86_64
libc:glibc 2.15 NPTL 2.15 
rlimit: STACK 8192k, CORE 0k, NPROC 46536, NOFILE 4096, AS infinity
load average:0.48 0.28 0.23

/proc/meminfo:
MemTotal:        5997028 kB
MemFree:         2774808 kB
Buffers:          132960 kB
Cached:          1572304 kB
SwapCached:            0 kB
Active:          1843772 kB
Inactive:        1067088 kB
Active(anon):    1213892 kB
Inactive(anon):   196912 kB
Active(file):     629880 kB
Inactive(file):   870176 kB
Unevictable:       31408 kB
Mlocked:           31424 kB
SwapTotal:       6173692 kB
SwapFree:        6173692 kB
Dirty:               224 kB
Writeback:             0 kB
AnonPages:       1237400 kB
Mapped:           240552 kB
Shmem:            199164 kB
Slab:             155576 kB
SReclaimable:     125724 kB
SUnreclaim:        29852 kB
KernelStack:        3800 kB
PageTables:        29544 kB
NFS_Unstable:          0 kB
Bounce:                0 kB
WritebackTmp:          0 kB
CommitLimit:     9172204 kB
Committed_AS:    4268188 kB
VmallocTotal:   34359738367 kB
VmallocUsed:      456252 kB
VmallocChunk:   34359268752 kB
HardwareCorrupted:     0 kB
AnonHugePages:         0 kB
HugePages_Total:       0
HugePages_Free:        0
HugePages_Rsvd:        0
HugePages_Surp:        0
Hugepagesize:       2048 kB
DirectMap4k:      120832 kB
DirectMap2M:     6141952 kB


CPU:total 4 (2 cores per cpu, 2 threads per core) family 6 model 58 stepping 9, cmov, cx8, fxsr, mmx, sse, sse2, sse3, ssse3, sse4.1, sse4.2, popcnt, avx, ht, tsc, tscinvbit, tscinv

/proc/cpuinfo:
processor	: 0
vendor_id	: GenuineIntel
cpu family	: 6
model		: 58
model name	: Intel(R) Core(TM) i5-3210M CPU @ 2.50GHz
stepping	: 9
microcode	: 0x12
cpu MHz		: 1200.000
cache size	: 3072 KB
physical id	: 0
siblings	: 4
core id		: 0
cpu cores	: 2
apicid		: 0
initial apicid	: 0
fpu		: yes
fpu_exception	: yes
cpuid level	: 13
wp		: yes
flags		: fpu vme de pse tsc msr pae mce cx8 apic sep mtrr pge mca cmov pat pse36 clflush dts acpi mmx fxsr sse sse2 ss ht tm pbe syscall nx rdtscp lm constant_tsc arch_perfmon pebs bts rep_good nopl xtopology nonstop_tsc aperfmperf pni pclmulqdq dtes64 monitor ds_cpl vmx est tm2 ssse3 cx16 xtpr pdcm pcid sse4_1 sse4_2 x2apic popcnt tsc_deadline_timer aes xsave avx f16c rdrand lahf_lm ida arat epb xsaveopt pln pts dtherm tpr_shadow vnmi flexpriority ept vpid fsgsbase smep erms
bogomips	: 4988.59
clflush size	: 64
cache_alignment	: 64
address sizes	: 36 bits physical, 48 bits virtual
power management:

processor	: 1
vendor_id	: GenuineIntel
cpu family	: 6
model		: 58
model name	: Intel(R) Core(TM) i5-3210M CPU @ 2.50GHz
stepping	: 9
microcode	: 0x12
cpu MHz		: 2501.000
cache size	: 3072 KB
physical id	: 0
siblings	: 4
core id		: 1
cpu cores	: 2
apicid		: 2
initial apicid	: 2
fpu		: yes
fpu_exception	: yes
cpuid level	: 13
wp		: yes
flags		: fpu vme de pse tsc msr pae mce cx8 apic sep mtrr pge mca cmov pat pse36 clflush dts acpi mmx fxsr sse sse2 ss ht tm pbe syscall nx rdtscp lm constant_tsc arch_perfmon pebs bts rep_good nopl xtopology nonstop_tsc aperfmperf pni pclmulqdq dtes64 monitor ds_cpl vmx est tm2 ssse3 cx16 xtpr pdcm pcid sse4_1 sse4_2 x2apic popcnt tsc_deadline_timer aes xsave avx f16c rdrand lahf_lm ida arat epb xsaveopt pln pts dtherm tpr_shadow vnmi flexpriority ept vpid fsgsbase smep erms
bogomips	: 4988.59
clflush size	: 64
cache_alignment	: 64
address sizes	: 36 bits physical, 48 bits virtual
power management:

processor	: 2
vendor_id	: GenuineIntel
cpu family	: 6
model		: 58
model name	: Intel(R) Core(TM) i5-3210M CPU @ 2.50GHz
stepping	: 9
microcode	: 0x12
cpu MHz		: 2501.000
cache size	: 3072 KB
physical id	: 0
siblings	: 4
core id		: 0
cpu cores	: 2
apicid		: 1
initial apicid	: 1
fpu		: yes
fpu_exception	: yes
cpuid level	: 13
wp		: yes
flags		: fpu vme de pse tsc msr pae mce cx8 apic sep mtrr pge mca cmov pat pse36 clflush dts acpi mmx fxsr sse sse2 ss ht tm pbe syscall nx rdtscp lm constant_tsc arch_perfmon pebs bts rep_good nopl xtopology nonstop_tsc aperfmperf pni pclmulqdq dtes64 monitor ds_cpl vmx est tm2 ssse3 cx16 xtpr pdcm pcid sse4_1 sse4_2 x2apic popcnt tsc_deadline_timer aes xsave avx f16c rdrand lahf_lm ida arat epb xsaveopt pln pts dtherm tpr_shadow vnmi flexpriority ept vpid fsgsbase smep erms
bogomips	: 4988.59
clflush size	: 64
cache_alignment	: 64
address sizes	: 36 bits physical, 48 bits virtual
power management:

processor	: 3
vendor_id	: GenuineIntel
cpu family	: 6
model		: 58
model name	: Intel(R) Core(TM) i5-3210M CPU @ 2.50GHz
stepping	: 9
microcode	: 0x12
cpu MHz		: 1200.000
cache size	: 3072 KB
physical id	: 0
siblings	: 4
core id		: 1
cpu cores	: 2
apicid		: 3
initial apicid	: 3
fpu		: yes
fpu_exception	: yes
cpuid level	: 13
wp		: yes
flags		: fpu vme de pse tsc msr pae mce cx8 apic sep mtrr pge mca cmov pat pse36 clflush dts acpi mmx fxsr sse sse2 ss ht tm pbe syscall nx rdtscp lm constant_tsc arch_perfmon pebs bts rep_good nopl xtopology nonstop_tsc aperfmperf pni pclmulqdq dtes64 monitor ds_cpl vmx est tm2 ssse3 cx16 xtpr pdcm pcid sse4_1 sse4_2 x2apic popcnt tsc_deadline_timer aes xsave avx f16c rdrand lahf_lm ida arat epb xsaveopt pln pts dtherm tpr_shadow vnmi flexpriority ept vpid fsgsbase smep erms
bogomips	: 4988.59
clflush size	: 64
cache_alignment	: 64
address sizes	: 36 bits physical, 48 bits virtual
power management:



Memory: 4k page, physical 5997028k(2774808k free), swap 6173692k(6173692k free)

vm_info: OpenJDK 64-Bit Server VM (23.7-b01) for linux-amd64 JRE (1.7.0_25-b30), built on Jul  3 2013 13:56:52 by "buildd" with gcc 4.7.2

time: Thu Sep 19 08:55:50 2013
elapsed time: 0 seconds

