#
# A fatal error has been detected by the Java Runtime Environment:
#
#  Internal Error (javaClasses.cpp:129), pid=22787, tid=140371487020800
#  fatal error: Invalid layout of preloaded class
#
# JRE version: 7.0_25-b30
# Java VM: OpenJDK 64-Bit Server VM (23.7-b01 mixed mode linux-amd64 compressed oops)
# Failed to write core dump. Core dumps have been disabled. To enable core dumping, try "ulimit -c unlimited" before starting Java again
#
# If you would like to submit a bug report, please include
# instructions on how to reproduce the bug and visit:
#   https://bugs.launchpad.net/ubuntu/+source/openjdk-7/
#

---------------  T H R E A D  ---------------

Current thread (0x00007faac0009800):  JavaThread "Unknown thread" [_thread_in_vm, id=22793, stack(0x00007faac88ed000,0x00007faac89ee000)]

Stack: [0x00007faac88ed000,0x00007faac89ee000],  sp=0x00007faac89ec9e0,  free space=1022k
Native frames: (J=compiled Java code, j=interpreted, Vv=VM code, C=native code)
V  [libjvm.so+0x84e26b]  VMError::report_and_die()+0x16b
V  [libjvm.so+0x3ec0a7]  report_fatal(char const*, int, char const*)+0x57
V  [libjvm.so+0x5282ea]  compute_offset(int&, klassOopDesc*, Symbol*, Symbol*, bool) [clone .constprop.123]+0x11a
V  [libjvm.so+0x528556]  java_lang_String::compute_offsets()+0x36
V  [libjvm.so+0x7dbd8d]  SystemDictionary::initialize_preloaded_classes(Thread*)+0x3d
V  [libjvm.so+0x827e38]  Universe::genesis(Thread*)+0x468
V  [libjvm.so+0x8282ef]  universe2_init()+0x1f
V  [libjvm.so+0x4dd23a]  init_globals()+0x9a
V  [libjvm.so+0x80bfbc]  Threads::create_vm(JavaVMInitArgs*, bool*)+0x39c
V  [libjvm.so+0x544cb8]  JNI_CreateJavaVM+0x58
C  [libjli.so+0x2b24]  __strcat_chk+0x2b24


---------------  P R O C E S S  ---------------

Java Threads: ( => current thread )

Other Threads:

=>0x00007faac0009800 (exited) JavaThread "Unknown thread" [_thread_in_vm, id=22793, stack(0x00007faac88ed000,0x00007faac89ee000)]

VM state:not at safepoint (not fully initialized)

VM Mutex/Monitor currently owned by a thread: None

GC Heap History (0 events):
No events

Deoptimization events (0 events):
No events

Internal exceptions (0 events):
No events

Events (10 events):
Event: 0.006 loading class 0x00007faac002b280 done
Event: 0.006 loading class 0x00007faac002ab20 done
Event: 0.006 loading class 0x00007faac002aaf0
Event: 0.006 loading class 0x00007faac0055e80
Event: 0.006 loading class 0x00007faac0055e80 done
Event: 0.006 loading class 0x00007faac0055ec0
Event: 0.006 loading class 0x00007faac0055ec0 done
Event: 0.006 loading class 0x00007faac0055f00
Event: 0.006 loading class 0x00007faac0055f00 done
Event: 0.006 loading class 0x00007faac002aaf0 done


Dynamic libraries:
00400000-00401000 r-xp 00000000 08:06 14947771                           /usr/lib/jvm/java-7-openjdk-amd64/jre/bin/java
00600000-00601000 r--p 00000000 08:06 14947771                           /usr/lib/jvm/java-7-openjdk-amd64/jre/bin/java
00601000-00602000 rw-p 00001000 08:06 14947771                           /usr/lib/jvm/java-7-openjdk-amd64/jre/bin/java
01a6e000-01a8f000 rw-p 00000000 00:00 0                                  [heap]
9a000000-9b4c0000 rw-p 00000000 00:00 0 
9b4c0000-a4600000 rw-p 00000000 00:00 0 
a4600000-a8310000 rw-p 00000000 00:00 0 
a8310000-e1760000 rw-p 00000000 00:00 0 
e1760000-e35e0000 rw-p 00000000 00:00 0 
e35e0000-100000000 rw-p 00000000 00:00 0 
7faaa0000000-7faaa0021000 rw-p 00000000 00:00 0 
7faaa0021000-7faaa4000000 ---p 00000000 00:00 0 
7faaa8000000-7faaa8021000 rw-p 00000000 00:00 0 
7faaa8021000-7faaac000000 ---p 00000000 00:00 0 
7faab0000000-7faab0021000 rw-p 00000000 00:00 0 
7faab0021000-7faab4000000 ---p 00000000 00:00 0 
7faab4d00000-7faab8000000 rw-p 00000000 00:00 0 
7faab8000000-7faab8021000 rw-p 00000000 00:00 0 
7faab8021000-7faabc000000 ---p 00000000 00:00 0 
7faabccf0000-7faabcf36000 rw-p 00000000 00:00 0 
7faabcf36000-7faabd000000 r--s 011ad000 08:06 17574615                   /home/gurutre/adt-bundle-linux-x86_64-20130729/sdk/platforms/android-18/android.jar
7faabd000000-7faabd270000 rwxp 00000000 00:00 0 
7faabd270000-7faac0060000 rw-p 00000000 00:00 0 
7faac0060000-7faac4000000 ---p 00000000 00:00 0 
7faac4027000-7faac4ce7000 rw-p 00000000 00:00 0 
7faac4ce7000-7faac4ce8000 ---p 00000000 00:00 0 
7faac4ce8000-7faac4de8000 rw-p 00000000 00:00 0                          [stack:22797]
7faac4de8000-7faac4de9000 ---p 00000000 00:00 0 
7faac4de9000-7faac4ee9000 rw-p 00000000 00:00 0                          [stack:22796]
7faac4ee9000-7faac4eea000 ---p 00000000 00:00 0 
7faac4eea000-7faac4fea000 rw-p 00000000 00:00 0                          [stack:22795]
7faac4fea000-7faac4feb000 ---p 00000000 00:00 0 
7faac4feb000-7faac50f6000 rw-p 00000000 00:00 0                          [stack:22794]
7faac50f6000-7faac513e000 rw-p 00000000 00:00 0 
7faac513e000-7faac515d000 rw-p 00000000 00:00 0 
7faac515d000-7faac5327000 rw-p 00000000 00:00 0 
7faac5327000-7faac5332000 rw-p 00000000 00:00 0 
7faac5332000-7faac537a000 rw-p 00000000 00:00 0 
7faac537a000-7faac5399000 rw-p 00000000 00:00 0 
7faac5399000-7faac5562000 rw-p 00000000 00:00 0 
7faac5562000-7faac5572000 rw-p 00000000 00:00 0 
7faac5572000-7faac5657000 rw-p 00000000 00:00 0 
7faac5657000-7faac5658000 rw-p 00000000 00:00 0 
7faac5658000-7faac5660000 r-xp 00000000 08:06 14947752                   /usr/lib/jvm/java-7-openjdk-amd64/jre/lib/amd64/libzip.so
7faac5660000-7faac585f000 ---p 00008000 08:06 14947752                   /usr/lib/jvm/java-7-openjdk-amd64/jre/lib/amd64/libzip.so
7faac585f000-7faac5860000 r--p 00007000 08:06 14947752                   /usr/lib/jvm/java-7-openjdk-amd64/jre/lib/amd64/libzip.so
7faac5860000-7faac5861000 rw-p 00008000 08:06 14947752                   /usr/lib/jvm/java-7-openjdk-amd64/jre/lib/amd64/libzip.so
7faac5861000-7faac586d000 r-xp 00000000 08:06 8131250                    /lib/x86_64-linux-gnu/libnss_files-2.15.so
7faac586d000-7faac5a6c000 ---p 0000c000 08:06 8131250                    /lib/x86_64-linux-gnu/libnss_files-2.15.so
7faac5a6c000-7faac5a6d000 r--p 0000b000 08:06 8131250                    /lib/x86_64-linux-gnu/libnss_files-2.15.so
7faac5a6d000-7faac5a6e000 rw-p 0000c000 08:06 8131250                    /lib/x86_64-linux-gnu/libnss_files-2.15.so
7faac5a6e000-7faac5a78000 r-xp 00000000 08:06 8131246                    /lib/x86_64-linux-gnu/libnss_nis-2.15.so
7faac5a78000-7faac5c78000 ---p 0000a000 08:06 8131246                    /lib/x86_64-linux-gnu/libnss_nis-2.15.so
7faac5c78000-7faac5c79000 r--p 0000a000 08:06 8131246                    /lib/x86_64-linux-gnu/libnss_nis-2.15.so
7faac5c79000-7faac5c7a000 rw-p 0000b000 08:06 8131246                    /lib/x86_64-linux-gnu/libnss_nis-2.15.so
7faac5c7a000-7faac5c91000 r-xp 00000000 08:06 8131260                    /lib/x86_64-linux-gnu/libnsl-2.15.so
7faac5c91000-7faac5e90000 ---p 00017000 08:06 8131260                    /lib/x86_64-linux-gnu/libnsl-2.15.so
7faac5e90000-7faac5e91000 r--p 00016000 08:06 8131260                    /lib/x86_64-linux-gnu/libnsl-2.15.so
7faac5e91000-7faac5e92000 rw-p 00017000 08:06 8131260                    /lib/x86_64-linux-gnu/libnsl-2.15.so
7faac5e92000-7faac5e94000 rw-p 00000000 00:00 0 
7faac5e94000-7faac5e9c000 r-xp 00000000 08:06 8131264                    /lib/x86_64-linux-gnu/libnss_compat-2.15.so
7faac5e9c000-7faac609b000 ---p 00008000 08:06 8131264                    /lib/x86_64-linux-gnu/libnss_compat-2.15.so
7faac609b000-7faac609c000 r--p 00007000 08:06 8131264                    /lib/x86_64-linux-gnu/libnss_compat-2.15.so
7faac609c000-7faac609d000 rw-p 00008000 08:06 8131264                    /lib/x86_64-linux-gnu/libnss_compat-2.15.so
7faac609d000-7faac60c7000 r-xp 00000000 08:06 14947735                   /usr/lib/jvm/java-7-openjdk-amd64/jre/lib/amd64/libjava.so
7faac60c7000-7faac62c7000 ---p 0002a000 08:06 14947735                   /usr/lib/jvm/java-7-openjdk-amd64/jre/lib/amd64/libjava.so
7faac62c7000-7faac62c8000 r--p 0002a000 08:06 14947735                   /usr/lib/jvm/java-7-openjdk-amd64/jre/lib/amd64/libjava.so
7faac62c8000-7faac62ca000 rw-p 0002b000 08:06 14947735                   /usr/lib/jvm/java-7-openjdk-amd64/jre/lib/amd64/libjava.so
7faac62ca000-7faac62d9000 r-xp 00000000 08:06 14947745                   /usr/lib/jvm/java-7-openjdk-amd64/jre/lib/amd64/libverify.so
7faac62d9000-7faac64d8000 ---p 0000f000 08:06 14947745                   /usr/lib/jvm/java-7-openjdk-amd64/jre/lib/amd64/libverify.so
7faac64d8000-7faac64da000 r--p 0000e000 08:06 14947745                   /usr/lib/jvm/java-7-openjdk-amd64/jre/lib/amd64/libverify.so
7faac64da000-7faac64db000 rw-p 00010000 08:06 14947745                   /usr/lib/jvm/java-7-openjdk-amd64/jre/lib/amd64/libverify.so
7faac64db000-7faac64e2000 r-xp 00000000 08:06 8131252                    /lib/x86_64-linux-gnu/librt-2.15.so
7faac64e2000-7faac66e1000 ---p 00007000 08:06 8131252                    /lib/x86_64-linux-gnu/librt-2.15.so
7faac66e1000-7faac66e2000 r--p 00006000 08:06 8131252                    /lib/x86_64-linux-gnu/librt-2.15.so
7faac66e2000-7faac66e3000 rw-p 00007000 08:06 8131252                    /lib/x86_64-linux-gnu/librt-2.15.so
7faac66e3000-7faac66f8000 r-xp 00000000 08:06 8130007                    /lib/x86_64-linux-gnu/libgcc_s.so.1
7faac66f8000-7faac68f7000 ---p 00015000 08:06 8130007                    /lib/x86_64-linux-gnu/libgcc_s.so.1
7faac68f7000-7faac68f8000 r--p 00014000 08:06 8130007                    /lib/x86_64-linux-gnu/libgcc_s.so.1
7faac68f8000-7faac68f9000 rw-p 00015000 08:06 8130007                    /lib/x86_64-linux-gnu/libgcc_s.so.1
7faac68f9000-7faac69f4000 r-xp 00000000 08:06 8131261                    /lib/x86_64-linux-gnu/libm-2.15.so
7faac69f4000-7faac6bf3000 ---p 000fb000 08:06 8131261                    /lib/x86_64-linux-gnu/libm-2.15.so
7faac6bf3000-7faac6bf4000 r--p 000fa000 08:06 8131261                    /lib/x86_64-linux-gnu/libm-2.15.so
7faac6bf4000-7faac6bf5000 rw-p 000fb000 08:06 8131261                    /lib/x86_64-linux-gnu/libm-2.15.so
7faac6bf5000-7faac6cda000 r-xp 00000000 08:06 11804397                   /usr/lib/x86_64-linux-gnu/libstdc++.so.6.0.17
7faac6cda000-7faac6ed9000 ---p 000e5000 08:06 11804397                   /usr/lib/x86_64-linux-gnu/libstdc++.so.6.0.17
7faac6ed9000-7faac6ee1000 r--p 000e4000 08:06 11804397                   /usr/lib/x86_64-linux-gnu/libstdc++.so.6.0.17
7faac6ee1000-7faac6ee3000 rw-p 000ec000 08:06 11804397                   /usr/lib/x86_64-linux-gnu/libstdc++.so.6.0.17
7faac6ee3000-7faac6ef8000 rw-p 00000000 00:00 0 
7faac6ef8000-7faac78e7000 r-xp 00000000 08:06 14947731                   /usr/lib/jvm/java-7-openjdk-amd64/jre/lib/amd64/server/libjvm.so
7faac78e7000-7faac7ae7000 ---p 009ef000 08:06 14947731                   /usr/lib/jvm/java-7-openjdk-amd64/jre/lib/amd64/server/libjvm.so
7faac7ae7000-7faac7b66000 r--p 009ef000 08:06 14947731                   /usr/lib/jvm/java-7-openjdk-amd64/jre/lib/amd64/server/libjvm.so
7faac7b66000-7faac7b89000 rw-p 00a6e000 08:06 14947731                   /usr/lib/jvm/java-7-openjdk-amd64/jre/lib/amd64/server/libjvm.so
7faac7b89000-7faac7bb4000 rw-p 00000000 00:00 0 
7faac7bb4000-7faac7bca000 r-xp 00000000 08:06 8130116                    /lib/x86_64-linux-gnu/libz.so.1.2.7
7faac7bca000-7faac7dc9000 ---p 00016000 08:06 8130116                    /lib/x86_64-linux-gnu/libz.so.1.2.7
7faac7dc9000-7faac7dca000 r--p 00015000 08:06 8130116                    /lib/x86_64-linux-gnu/libz.so.1.2.7
7faac7dca000-7faac7dcb000 rw-p 00016000 08:06 8130116                    /lib/x86_64-linux-gnu/libz.so.1.2.7
7faac7dcb000-7faac7de3000 r-xp 00000000 08:06 8131248                    /lib/x86_64-linux-gnu/libpthread-2.15.so
7faac7de3000-7faac7fe2000 ---p 00018000 08:06 8131248                    /lib/x86_64-linux-gnu/libpthread-2.15.so
7faac7fe2000-7faac7fe3000 r--p 00017000 08:06 8131248                    /lib/x86_64-linux-gnu/libpthread-2.15.so
7faac7fe3000-7faac7fe4000 rw-p 00018000 08:06 8131248                    /lib/x86_64-linux-gnu/libpthread-2.15.so
7faac7fe4000-7faac7fe8000 rw-p 00000000 00:00 0 
7faac7fe8000-7faac7fea000 r-xp 00000000 08:06 8131263                    /lib/x86_64-linux-gnu/libdl-2.15.so
7faac7fea000-7faac81ea000 ---p 00002000 08:06 8131263                    /lib/x86_64-linux-gnu/libdl-2.15.so
7faac81ea000-7faac81eb000 r--p 00002000 08:06 8131263                    /lib/x86_64-linux-gnu/libdl-2.15.so
7faac81eb000-7faac81ec000 rw-p 00003000 08:06 8131263                    /lib/x86_64-linux-gnu/libdl-2.15.so
7faac81ec000-7faac83a1000 r-xp 00000000 08:06 8131265                    /lib/x86_64-linux-gnu/libc-2.15.so
7faac83a1000-7faac85a0000 ---p 001b5000 08:06 8131265                    /lib/x86_64-linux-gnu/libc-2.15.so
7faac85a0000-7faac85a4000 r--p 001b4000 08:06 8131265                    /lib/x86_64-linux-gnu/libc-2.15.so
7faac85a4000-7faac85a6000 rw-p 001b8000 08:06 8131265                    /lib/x86_64-linux-gnu/libc-2.15.so
7faac85a6000-7faac85ab000 rw-p 00000000 00:00 0 
7faac85c5000-7faac85d2000 r-xp 00000000 08:06 14947736                   /usr/lib/jvm/java-7-openjdk-amd64/jre/lib/amd64/jli/libjli.so
7faac85d2000-7faac87d1000 ---p 0000d000 08:06 14947736                   /usr/lib/jvm/java-7-openjdk-amd64/jre/lib/amd64/jli/libjli.so
7faac87d1000-7faac87d2000 r--p 0000c000 08:06 14947736                   /usr/lib/jvm/java-7-openjdk-amd64/jre/lib/amd64/jli/libjli.so
7faac87d2000-7faac87d3000 rw-p 0000d000 08:06 14947736                   /usr/lib/jvm/java-7-openjdk-amd64/jre/lib/amd64/jli/libjli.so
7faac87d3000-7faac87f5000 r-xp 00000000 08:06 8131253                    /lib/x86_64-linux-gnu/ld-2.15.so
7faac87fb000-7faac882d000 rw-p 00000000 00:00 0 
7faac882d000-7faac88e3000 rw-p 00000000 00:00 0 
7faac88e3000-7faac88eb000 rw-s 00000000 08:06 14817105                   /tmp/hsperfdata_gurutre/22787
7faac88eb000-7faac88ec000 rw-p 00000000 00:00 0 
7faac88ec000-7faac88ed000 r--p 00000000 00:00 0 
7faac88ed000-7faac88f0000 ---p 00000000 00:00 0 
7faac88f0000-7faac89f5000 rw-p 00000000 00:00 0                          [stack:22793]
7faac89f5000-7faac89f6000 r--p 00022000 08:06 8131253                    /lib/x86_64-linux-gnu/ld-2.15.so
7faac89f6000-7faac89f8000 rw-p 00023000 08:06 8131253                    /lib/x86_64-linux-gnu/ld-2.15.so
7fff565ac000-7fff565cd000 rw-p 00000000 00:00 0                          [stack]
7fff565ff000-7fff56600000 r-xp 00000000 00:00 0                          [vdso]
ffffffffff600000-ffffffffff601000 r-xp 00000000 00:00 0                  [vsyscall]

VM Arguments:
jvm_args: -Dfile.encoding=UTF-8 -Xbootclasspath:/home/gurutre/adt-bundle-linux-x86_64-20130729/sdk/platforms/android-18/android.jar 
java_command: org.eclipse.jdt.internal.junit.runner.RemoteTestRunner -version 3 -port 39355 -testLoaderClass org.eclipse.jdt.internal.junit4.runner.JUnit4TestLoader -loaderpluginname org.eclipse.jdt.junit4.runtime -test com.scoretracker.test.engine.ScoreTrackerEngineTest:testTotals
Launcher Type: SUN_STANDARD

Environment Variables:
PATH=/usr/lib/lightdm/lightdm:/usr/local/sbin:/usr/local/bin:/usr/sbin:/usr/bin:/sbin:/bin:/usr/games:/usr/local/games:/home/gurutre/.rvm/bin
SHELL=/bin/bash
DISPLAY=:0

Signal Handlers:
SIGSEGV: [libjvm.so+0x84ed50], sa_mask[0]=0x7ffbfeff, sa_flags=0x10000004
SIGBUS: [libjvm.so+0x84ed50], sa_mask[0]=0x7ffbfeff, sa_flags=0x10000004
SIGFPE: [libjvm.so+0x6f14c0], sa_mask[0]=0x7ffbfeff, sa_flags=0x10000004
SIGPIPE: [libjvm.so+0x6f14c0], sa_mask[0]=0x7ffbfeff, sa_flags=0x10000004
SIGXFSZ: [libjvm.so+0x6f14c0], sa_mask[0]=0x7ffbfeff, sa_flags=0x10000004
SIGILL: [libjvm.so+0x6f14c0], sa_mask[0]=0x7ffbfeff, sa_flags=0x10000004
SIGUSR1: SIG_DFL, sa_mask[0]=0x00000000, sa_flags=0x00000000
SIGUSR2: [libjvm.so+0x6f1890], sa_mask[0]=0x00000004, sa_flags=0x10000004
SIGHUP: SIG_DFL, sa_mask[0]=0x00000000, sa_flags=0x00000000
SIGINT: SIG_DFL, sa_mask[0]=0x00000000, sa_flags=0x00000000
SIGTERM: SIG_DFL, sa_mask[0]=0x00000000, sa_flags=0x00000000
SIGQUIT: SIG_DFL, sa_mask[0]=0x00000000, sa_flags=0x00000000


---------------  S Y S T E M  ---------------

OS:Ubuntu 12.10 (quantal)
uname:Linux 3.5.0-39-generic #60-Ubuntu SMP Tue Aug 13 18:33:05 UTC 2013 x86_64
libc:glibc 2.15 NPTL 2.15 
rlimit: STACK 8192k, CORE 0k, NPROC 46536, NOFILE 4096, AS infinity
load average:0.48 0.28 0.23

/proc/meminfo:
MemTotal:        5997028 kB
MemFree:         2775840 kB
Buffers:          132960 kB
Cached:          1572192 kB
SwapCached:            0 kB
Active:          1843648 kB
Inactive:        1067264 kB
Active(anon):    1213760 kB
Inactive(anon):   197072 kB
Active(file):     629888 kB
Inactive(file):   870192 kB
Unevictable:       31408 kB
Mlocked:           31424 kB
SwapTotal:       6173692 kB
SwapFree:        6173692 kB
Dirty:               248 kB
Writeback:             0 kB
AnonPages:       1237196 kB
Mapped:           240552 kB
Shmem:            199248 kB
Slab:             155548 kB
SReclaimable:     125700 kB
SUnreclaim:        29848 kB
KernelStack:        3792 kB
PageTables:        29544 kB
NFS_Unstable:          0 kB
Bounce:                0 kB
WritebackTmp:          0 kB
CommitLimit:     9172204 kB
Committed_AS:    4268300 kB
VmallocTotal:   34359738367 kB
VmallocUsed:      456252 kB
VmallocChunk:   34359268752 kB
HardwareCorrupted:     0 kB
AnonHugePages:         0 kB
HugePages_Total:       0
HugePages_Free:        0
HugePages_Rsvd:        0
HugePages_Surp:        0
Hugepagesize:       2048 kB
DirectMap4k:      120832 kB
DirectMap2M:     6141952 kB


CPU:total 4 (2 cores per cpu, 2 threads per core) family 6 model 58 stepping 9, cmov, cx8, fxsr, mmx, sse, sse2, sse3, ssse3, sse4.1, sse4.2, popcnt, avx, ht, tsc, tscinvbit, tscinv

/proc/cpuinfo:
processor	: 0
vendor_id	: GenuineIntel
cpu family	: 6
model		: 58
model name	: Intel(R) Core(TM) i5-3210M CPU @ 2.50GHz
stepping	: 9
microcode	: 0x12
cpu MHz		: 2501.000
cache size	: 3072 KB
physical id	: 0
siblings	: 4
core id		: 0
cpu cores	: 2
apicid		: 0
initial apicid	: 0
fpu		: yes
fpu_exception	: yes
cpuid level	: 13
wp		: yes
flags		: fpu vme de pse tsc msr pae mce cx8 apic sep mtrr pge mca cmov pat pse36 clflush dts acpi mmx fxsr sse sse2 ss ht tm pbe syscall nx rdtscp lm constant_tsc arch_perfmon pebs bts rep_good nopl xtopology nonstop_tsc aperfmperf pni pclmulqdq dtes64 monitor ds_cpl vmx est tm2 ssse3 cx16 xtpr pdcm pcid sse4_1 sse4_2 x2apic popcnt tsc_deadline_timer aes xsave avx f16c rdrand lahf_lm ida arat epb xsaveopt pln pts dtherm tpr_shadow vnmi flexpriority ept vpid fsgsbase smep erms
bogomips	: 4988.59
clflush size	: 64
cache_alignment	: 64
address sizes	: 36 bits physical, 48 bits virtual
power management:

processor	: 1
vendor_id	: GenuineIntel
cpu family	: 6
model		: 58
model name	: Intel(R) Core(TM) i5-3210M CPU @ 2.50GHz
stepping	: 9
microcode	: 0x12
cpu MHz		: 1200.000
cache size	: 3072 KB
physical id	: 0
siblings	: 4
core id		: 1
cpu cores	: 2
apicid		: 2
initial apicid	: 2
fpu		: yes
fpu_exception	: yes
cpuid level	: 13
wp		: yes
flags		: fpu vme de pse tsc msr pae mce cx8 apic sep mtrr pge mca cmov pat pse36 clflush dts acpi mmx fxsr sse sse2 ss ht tm pbe syscall nx rdtscp lm constant_tsc arch_perfmon pebs bts rep_good nopl xtopology nonstop_tsc aperfmperf pni pclmulqdq dtes64 monitor ds_cpl vmx est tm2 ssse3 cx16 xtpr pdcm pcid sse4_1 sse4_2 x2apic popcnt tsc_deadline_timer aes xsave avx f16c rdrand lahf_lm ida arat epb xsaveopt pln pts dtherm tpr_shadow vnmi flexpriority ept vpid fsgsbase smep erms
bogomips	: 4988.59
clflush size	: 64
cache_alignment	: 64
address sizes	: 36 bits physical, 48 bits virtual
power management:

processor	: 2
vendor_id	: GenuineIntel
cpu family	: 6
model		: 58
model name	: Intel(R) Core(TM) i5-3210M CPU @ 2.50GHz
stepping	: 9
microcode	: 0x12
cpu MHz		: 2501.000
cache size	: 3072 KB
physical id	: 0
siblings	: 4
core id		: 0
cpu cores	: 2
apicid		: 1
initial apicid	: 1
fpu		: yes
fpu_exception	: yes
cpuid level	: 13
wp		: yes
flags		: fpu vme de pse tsc msr pae mce cx8 apic sep mtrr pge mca cmov pat pse36 clflush dts acpi mmx fxsr sse sse2 ss ht tm pbe syscall nx rdtscp lm constant_tsc arch_perfmon pebs bts rep_good nopl xtopology nonstop_tsc aperfmperf pni pclmulqdq dtes64 monitor ds_cpl vmx est tm2 ssse3 cx16 xtpr pdcm pcid sse4_1 sse4_2 x2apic popcnt tsc_deadline_timer aes xsave avx f16c rdrand lahf_lm ida arat epb xsaveopt pln pts dtherm tpr_shadow vnmi flexpriority ept vpid fsgsbase smep erms
bogomips	: 4988.59
clflush size	: 64
cache_alignment	: 64
address sizes	: 36 bits physical, 48 bits virtual
power management:

processor	: 3
vendor_id	: GenuineIntel
cpu family	: 6
model		: 58
model name	: Intel(R) Core(TM) i5-3210M CPU @ 2.50GHz
stepping	: 9
microcode	: 0x12
cpu MHz		: 2501.000
cache size	: 3072 KB
physical id	: 0
siblings	: 4
core id		: 1
cpu cores	: 2
apicid		: 3
initial apicid	: 3
fpu		: yes
fpu_exception	: yes
cpuid level	: 13
wp		: yes
flags		: fpu vme de pse tsc msr pae mce cx8 apic sep mtrr pge mca cmov pat pse36 clflush dts acpi mmx fxsr sse sse2 ss ht tm pbe syscall nx rdtscp lm constant_tsc arch_perfmon pebs bts rep_good nopl xtopology nonstop_tsc aperfmperf pni pclmulqdq dtes64 monitor ds_cpl vmx est tm2 ssse3 cx16 xtpr pdcm pcid sse4_1 sse4_2 x2apic popcnt tsc_deadline_timer aes xsave avx f16c rdrand lahf_lm ida arat epb xsaveopt pln pts dtherm tpr_shadow vnmi flexpriority ept vpid fsgsbase smep erms
bogomips	: 4988.59
clflush size	: 64
cache_alignment	: 64
address sizes	: 36 bits physical, 48 bits virtual
power management:



Memory: 4k page, physical 5997028k(2775840k free), swap 6173692k(6173692k free)

vm_info: OpenJDK 64-Bit Server VM (23.7-b01) for linux-amd64 JRE (1.7.0_25-b30), built on Jul  3 2013 13:56:52 by "buildd" with gcc 4.7.2

time: Thu Sep 19 08:55:50 2013
elapsed time: 0 seconds

