#
# A fatal error has been detected by the Java Runtime Environment:
#
#  Internal Error (javaClasses.cpp:129), pid=9481, tid=140030532204288
#  fatal error: Invalid layout of preloaded class
#
# JRE version: 7.0_25-b30
# Java VM: OpenJDK 64-Bit Server VM (23.7-b01 mixed mode linux-amd64 compressed oops)
# Failed to write core dump. Core dumps have been disabled. To enable core dumping, try "ulimit -c unlimited" before starting Java again
#
# If you would like to submit a bug report, please include
# instructions on how to reproduce the bug and visit:
#   https://bugs.launchpad.net/ubuntu/+source/openjdk-7/
#

---------------  T H R E A D  ---------------

Current thread (0x00007f5b5c009000):  JavaThread "Unknown thread" [_thread_in_vm, id=9483, stack(0x00007f5b66113000,0x00007f5b66214000)]

Stack: [0x00007f5b66113000,0x00007f5b66214000],  sp=0x00007f5b662129e0,  free space=1022k
Native frames: (J=compiled Java code, j=interpreted, Vv=VM code, C=native code)
V  [libjvm.so+0x84e26b]  VMError::report_and_die()+0x16b
V  [libjvm.so+0x3ec0a7]  report_fatal(char const*, int, char const*)+0x57
V  [libjvm.so+0x5282ea]  compute_offset(int&, klassOopDesc*, Symbol*, Symbol*, bool) [clone .constprop.123]+0x11a
V  [libjvm.so+0x528556]  java_lang_String::compute_offsets()+0x36
V  [libjvm.so+0x7dbd8d]  SystemDictionary::initialize_preloaded_classes(Thread*)+0x3d
V  [libjvm.so+0x827e38]  Universe::genesis(Thread*)+0x468
V  [libjvm.so+0x8282ef]  universe2_init()+0x1f
V  [libjvm.so+0x4dd23a]  init_globals()+0x9a
V  [libjvm.so+0x80bfbc]  Threads::create_vm(JavaVMInitArgs*, bool*)+0x39c
V  [libjvm.so+0x544cb8]  JNI_CreateJavaVM+0x58
C  [libjli.so+0x2b24]  __strcat_chk+0x2b24


---------------  P R O C E S S  ---------------

Java Threads: ( => current thread )

Other Threads:

=>0x00007f5b5c009000 (exited) JavaThread "Unknown thread" [_thread_in_vm, id=9483, stack(0x00007f5b66113000,0x00007f5b66214000)]

VM state:not at safepoint (not fully initialized)

VM Mutex/Monitor currently owned by a thread: None

GC Heap History (0 events):
No events

Deoptimization events (0 events):
No events

Internal exceptions (0 events):
No events

Events (10 events):
Event: 0.005 loading class 0x00007f5b5c02b120 done
Event: 0.005 loading class 0x00007f5b5c02a9c0 done
Event: 0.005 loading class 0x00007f5b5c02a990
Event: 0.005 loading class 0x00007f5b5c055d20
Event: 0.005 loading class 0x00007f5b5c055d20 done
Event: 0.005 loading class 0x00007f5b5c055d60
Event: 0.005 loading class 0x00007f5b5c055d60 done
Event: 0.005 loading class 0x00007f5b5c055da0
Event: 0.005 loading class 0x00007f5b5c055da0 done
Event: 0.005 loading class 0x00007f5b5c02a990 done


Dynamic libraries:
00400000-00401000 r-xp 00000000 08:06 14947771                           /usr/lib/jvm/java-7-openjdk-amd64/jre/bin/java
00600000-00601000 r--p 00000000 08:06 14947771                           /usr/lib/jvm/java-7-openjdk-amd64/jre/bin/java
00601000-00602000 rw-p 00001000 08:06 14947771                           /usr/lib/jvm/java-7-openjdk-amd64/jre/bin/java
01be6000-01c07000 rw-p 00000000 00:00 0                                  [heap]
9a000000-9b4c0000 rw-p 00000000 00:00 0 
9b4c0000-a4600000 rw-p 00000000 00:00 0 
a4600000-a8310000 rw-p 00000000 00:00 0 
a8310000-e1760000 rw-p 00000000 00:00 0 
e1760000-e35e0000 rw-p 00000000 00:00 0 
e35e0000-100000000 rw-p 00000000 00:00 0 
7f5b3c000000-7f5b3c021000 rw-p 00000000 00:00 0 
7f5b3c021000-7f5b40000000 ---p 00000000 00:00 0 
7f5b44000000-7f5b44021000 rw-p 00000000 00:00 0 
7f5b44021000-7f5b48000000 ---p 00000000 00:00 0 
7f5b4c000000-7f5b4c021000 rw-p 00000000 00:00 0 
7f5b4c021000-7f5b50000000 ---p 00000000 00:00 0 
7f5b50d00000-7f5b54000000 rw-p 00000000 00:00 0 
7f5b54000000-7f5b54021000 rw-p 00000000 00:00 0 
7f5b54021000-7f5b58000000 ---p 00000000 00:00 0 
7f5b59000000-7f5b59270000 rwxp 00000000 00:00 0 
7f5b59270000-7f5b5c060000 rw-p 00000000 00:00 0 
7f5b5c060000-7f5b60000000 ---p 00000000 00:00 0 
7f5b6153d000-7f5b61783000 rw-p 00000000 00:00 0 
7f5b61783000-7f5b6184d000 r--s 011ad000 08:06 17574615                   /home/gurutre/adt-bundle-linux-x86_64-20130729/sdk/platforms/android-18/android.jar
7f5b6184d000-7f5b6250d000 rw-p 00000000 00:00 0 
7f5b6250d000-7f5b6250e000 ---p 00000000 00:00 0 
7f5b6250e000-7f5b6260e000 rw-p 00000000 00:00 0                          [stack:9487]
7f5b6260e000-7f5b6260f000 ---p 00000000 00:00 0 
7f5b6260f000-7f5b6270f000 rw-p 00000000 00:00 0                          [stack:9486]
7f5b6270f000-7f5b62710000 ---p 00000000 00:00 0 
7f5b62710000-7f5b62810000 rw-p 00000000 00:00 0                          [stack:9485]
7f5b62810000-7f5b62811000 ---p 00000000 00:00 0 
7f5b62811000-7f5b6291c000 rw-p 00000000 00:00 0                          [stack:9484]
7f5b6291c000-7f5b62964000 rw-p 00000000 00:00 0 
7f5b62964000-7f5b62983000 rw-p 00000000 00:00 0 
7f5b62983000-7f5b62b4d000 rw-p 00000000 00:00 0 
7f5b62b4d000-7f5b62b58000 rw-p 00000000 00:00 0 
7f5b62b58000-7f5b62ba0000 rw-p 00000000 00:00 0 
7f5b62ba0000-7f5b62bbf000 rw-p 00000000 00:00 0 
7f5b62bbf000-7f5b62d88000 rw-p 00000000 00:00 0 
7f5b62d88000-7f5b62d98000 rw-p 00000000 00:00 0 
7f5b62d98000-7f5b62e7d000 rw-p 00000000 00:00 0 
7f5b62e7d000-7f5b62e7e000 rw-p 00000000 00:00 0 
7f5b62e7e000-7f5b62e86000 r-xp 00000000 08:06 14947752                   /usr/lib/jvm/java-7-openjdk-amd64/jre/lib/amd64/libzip.so
7f5b62e86000-7f5b63085000 ---p 00008000 08:06 14947752                   /usr/lib/jvm/java-7-openjdk-amd64/jre/lib/amd64/libzip.so
7f5b63085000-7f5b63086000 r--p 00007000 08:06 14947752                   /usr/lib/jvm/java-7-openjdk-amd64/jre/lib/amd64/libzip.so
7f5b63086000-7f5b63087000 rw-p 00008000 08:06 14947752                   /usr/lib/jvm/java-7-openjdk-amd64/jre/lib/amd64/libzip.so
7f5b63087000-7f5b63093000 r-xp 00000000 08:06 8131250                    /lib/x86_64-linux-gnu/libnss_files-2.15.so
7f5b63093000-7f5b63292000 ---p 0000c000 08:06 8131250                    /lib/x86_64-linux-gnu/libnss_files-2.15.so
7f5b63292000-7f5b63293000 r--p 0000b000 08:06 8131250                    /lib/x86_64-linux-gnu/libnss_files-2.15.so
7f5b63293000-7f5b63294000 rw-p 0000c000 08:06 8131250                    /lib/x86_64-linux-gnu/libnss_files-2.15.so
7f5b63294000-7f5b6329e000 r-xp 00000000 08:06 8131246                    /lib/x86_64-linux-gnu/libnss_nis-2.15.so
7f5b6329e000-7f5b6349e000 ---p 0000a000 08:06 8131246                    /lib/x86_64-linux-gnu/libnss_nis-2.15.so
7f5b6349e000-7f5b6349f000 r--p 0000a000 08:06 8131246                    /lib/x86_64-linux-gnu/libnss_nis-2.15.so
7f5b6349f000-7f5b634a0000 rw-p 0000b000 08:06 8131246                    /lib/x86_64-linux-gnu/libnss_nis-2.15.so
7f5b634a0000-7f5b634b7000 r-xp 00000000 08:06 8131260                    /lib/x86_64-linux-gnu/libnsl-2.15.so
7f5b634b7000-7f5b636b6000 ---p 00017000 08:06 8131260                    /lib/x86_64-linux-gnu/libnsl-2.15.so
7f5b636b6000-7f5b636b7000 r--p 00016000 08:06 8131260                    /lib/x86_64-linux-gnu/libnsl-2.15.so
7f5b636b7000-7f5b636b8000 rw-p 00017000 08:06 8131260                    /lib/x86_64-linux-gnu/libnsl-2.15.so
7f5b636b8000-7f5b636ba000 rw-p 00000000 00:00 0 
7f5b636ba000-7f5b636c2000 r-xp 00000000 08:06 8131264                    /lib/x86_64-linux-gnu/libnss_compat-2.15.so
7f5b636c2000-7f5b638c1000 ---p 00008000 08:06 8131264                    /lib/x86_64-linux-gnu/libnss_compat-2.15.so
7f5b638c1000-7f5b638c2000 r--p 00007000 08:06 8131264                    /lib/x86_64-linux-gnu/libnss_compat-2.15.so
7f5b638c2000-7f5b638c3000 rw-p 00008000 08:06 8131264                    /lib/x86_64-linux-gnu/libnss_compat-2.15.so
7f5b638c3000-7f5b638ed000 r-xp 00000000 08:06 14947735                   /usr/lib/jvm/java-7-openjdk-amd64/jre/lib/amd64/libjava.so
7f5b638ed000-7f5b63aed000 ---p 0002a000 08:06 14947735                   /usr/lib/jvm/java-7-openjdk-amd64/jre/lib/amd64/libjava.so
7f5b63aed000-7f5b63aee000 r--p 0002a000 08:06 14947735                   /usr/lib/jvm/java-7-openjdk-amd64/jre/lib/amd64/libjava.so
7f5b63aee000-7f5b63af0000 rw-p 0002b000 08:06 14947735                   /usr/lib/jvm/java-7-openjdk-amd64/jre/lib/amd64/libjava.so
7f5b63af0000-7f5b63aff000 r-xp 00000000 08:06 14947745                   /usr/lib/jvm/java-7-openjdk-amd64/jre/lib/amd64/libverify.so
7f5b63aff000-7f5b63cfe000 ---p 0000f000 08:06 14947745                   /usr/lib/jvm/java-7-openjdk-amd64/jre/lib/amd64/libverify.so
7f5b63cfe000-7f5b63d00000 r--p 0000e000 08:06 14947745                   /usr/lib/jvm/java-7-openjdk-amd64/jre/lib/amd64/libverify.so
7f5b63d00000-7f5b63d01000 rw-p 00010000 08:06 14947745                   /usr/lib/jvm/java-7-openjdk-amd64/jre/lib/amd64/libverify.so
7f5b63d01000-7f5b63d08000 r-xp 00000000 08:06 8131252                    /lib/x86_64-linux-gnu/librt-2.15.so
7f5b63d08000-7f5b63f07000 ---p 00007000 08:06 8131252                    /lib/x86_64-linux-gnu/librt-2.15.so
7f5b63f07000-7f5b63f08000 r--p 00006000 08:06 8131252                    /lib/x86_64-linux-gnu/librt-2.15.so
7f5b63f08000-7f5b63f09000 rw-p 00007000 08:06 8131252                    /lib/x86_64-linux-gnu/librt-2.15.so
7f5b63f09000-7f5b63f1e000 r-xp 00000000 08:06 8130007                    /lib/x86_64-linux-gnu/libgcc_s.so.1
7f5b63f1e000-7f5b6411d000 ---p 00015000 08:06 8130007                    /lib/x86_64-linux-gnu/libgcc_s.so.1
7f5b6411d000-7f5b6411e000 r--p 00014000 08:06 8130007                    /lib/x86_64-linux-gnu/libgcc_s.so.1
7f5b6411e000-7f5b6411f000 rw-p 00015000 08:06 8130007                    /lib/x86_64-linux-gnu/libgcc_s.so.1
7f5b6411f000-7f5b6421a000 r-xp 00000000 08:06 8131261                    /lib/x86_64-linux-gnu/libm-2.15.so
7f5b6421a000-7f5b64419000 ---p 000fb000 08:06 8131261                    /lib/x86_64-linux-gnu/libm-2.15.so
7f5b64419000-7f5b6441a000 r--p 000fa000 08:06 8131261                    /lib/x86_64-linux-gnu/libm-2.15.so
7f5b6441a000-7f5b6441b000 rw-p 000fb000 08:06 8131261                    /lib/x86_64-linux-gnu/libm-2.15.so
7f5b6441b000-7f5b64500000 r-xp 00000000 08:06 11804397                   /usr/lib/x86_64-linux-gnu/libstdc++.so.6.0.17
7f5b64500000-7f5b646ff000 ---p 000e5000 08:06 11804397                   /usr/lib/x86_64-linux-gnu/libstdc++.so.6.0.17
7f5b646ff000-7f5b64707000 r--p 000e4000 08:06 11804397                   /usr/lib/x86_64-linux-gnu/libstdc++.so.6.0.17
7f5b64707000-7f5b64709000 rw-p 000ec000 08:06 11804397                   /usr/lib/x86_64-linux-gnu/libstdc++.so.6.0.17
7f5b64709000-7f5b6471e000 rw-p 00000000 00:00 0 
7f5b6471e000-7f5b6510d000 r-xp 00000000 08:06 14947731                   /usr/lib/jvm/java-7-openjdk-amd64/jre/lib/amd64/server/libjvm.so
7f5b6510d000-7f5b6530d000 ---p 009ef000 08:06 14947731                   /usr/lib/jvm/java-7-openjdk-amd64/jre/lib/amd64/server/libjvm.so
7f5b6530d000-7f5b6538c000 r--p 009ef000 08:06 14947731                   /usr/lib/jvm/java-7-openjdk-amd64/jre/lib/amd64/server/libjvm.so
7f5b6538c000-7f5b653af000 rw-p 00a6e000 08:06 14947731                   /usr/lib/jvm/java-7-openjdk-amd64/jre/lib/amd64/server/libjvm.so
7f5b653af000-7f5b653da000 rw-p 00000000 00:00 0 
7f5b653da000-7f5b653f0000 r-xp 00000000 08:06 8130116                    /lib/x86_64-linux-gnu/libz.so.1.2.7
7f5b653f0000-7f5b655ef000 ---p 00016000 08:06 8130116                    /lib/x86_64-linux-gnu/libz.so.1.2.7
7f5b655ef000-7f5b655f0000 r--p 00015000 08:06 8130116                    /lib/x86_64-linux-gnu/libz.so.1.2.7
7f5b655f0000-7f5b655f1000 rw-p 00016000 08:06 8130116                    /lib/x86_64-linux-gnu/libz.so.1.2.7
7f5b655f1000-7f5b65609000 r-xp 00000000 08:06 8131248                    /lib/x86_64-linux-gnu/libpthread-2.15.so
7f5b65609000-7f5b65808000 ---p 00018000 08:06 8131248                    /lib/x86_64-linux-gnu/libpthread-2.15.so
7f5b65808000-7f5b65809000 r--p 00017000 08:06 8131248                    /lib/x86_64-linux-gnu/libpthread-2.15.so
7f5b65809000-7f5b6580a000 rw-p 00018000 08:06 8131248                    /lib/x86_64-linux-gnu/libpthread-2.15.so
7f5b6580a000-7f5b6580e000 rw-p 00000000 00:00 0 
7f5b6580e000-7f5b65810000 r-xp 00000000 08:06 8131263                    /lib/x86_64-linux-gnu/libdl-2.15.so
7f5b65810000-7f5b65a10000 ---p 00002000 08:06 8131263                    /lib/x86_64-linux-gnu/libdl-2.15.so
7f5b65a10000-7f5b65a11000 r--p 00002000 08:06 8131263                    /lib/x86_64-linux-gnu/libdl-2.15.so
7f5b65a11000-7f5b65a12000 rw-p 00003000 08:06 8131263                    /lib/x86_64-linux-gnu/libdl-2.15.so
7f5b65a12000-7f5b65bc7000 r-xp 00000000 08:06 8131265                    /lib/x86_64-linux-gnu/libc-2.15.so
7f5b65bc7000-7f5b65dc6000 ---p 001b5000 08:06 8131265                    /lib/x86_64-linux-gnu/libc-2.15.so
7f5b65dc6000-7f5b65dca000 r--p 001b4000 08:06 8131265                    /lib/x86_64-linux-gnu/libc-2.15.so
7f5b65dca000-7f5b65dcc000 rw-p 001b8000 08:06 8131265                    /lib/x86_64-linux-gnu/libc-2.15.so
7f5b65dcc000-7f5b65dd1000 rw-p 00000000 00:00 0 
7f5b65deb000-7f5b65df8000 r-xp 00000000 08:06 14947736                   /usr/lib/jvm/java-7-openjdk-amd64/jre/lib/amd64/jli/libjli.so
7f5b65df8000-7f5b65ff7000 ---p 0000d000 08:06 14947736                   /usr/lib/jvm/java-7-openjdk-amd64/jre/lib/amd64/jli/libjli.so
7f5b65ff7000-7f5b65ff8000 r--p 0000c000 08:06 14947736                   /usr/lib/jvm/java-7-openjdk-amd64/jre/lib/amd64/jli/libjli.so
7f5b65ff8000-7f5b65ff9000 rw-p 0000d000 08:06 14947736                   /usr/lib/jvm/java-7-openjdk-amd64/jre/lib/amd64/jli/libjli.so
7f5b65ff9000-7f5b6601b000 r-xp 00000000 08:06 8131253                    /lib/x86_64-linux-gnu/ld-2.15.so
7f5b66021000-7f5b66053000 rw-p 00000000 00:00 0 
7f5b66053000-7f5b66109000 rw-p 00000000 00:00 0 
7f5b66109000-7f5b66111000 rw-s 00000000 08:06 14817125                   /tmp/hsperfdata_gurutre/9481
7f5b66111000-7f5b66112000 rw-p 00000000 00:00 0 
7f5b66112000-7f5b66113000 r--p 00000000 00:00 0 
7f5b66113000-7f5b66116000 ---p 00000000 00:00 0 
7f5b66116000-7f5b6621b000 rw-p 00000000 00:00 0                          [stack:9483]
7f5b6621b000-7f5b6621c000 r--p 00022000 08:06 8131253                    /lib/x86_64-linux-gnu/ld-2.15.so
7f5b6621c000-7f5b6621e000 rw-p 00023000 08:06 8131253                    /lib/x86_64-linux-gnu/ld-2.15.so
7fff48e65000-7fff48e86000 rw-p 00000000 00:00 0                          [stack]
7fff48f45000-7fff48f46000 r-xp 00000000 00:00 0                          [vdso]
ffffffffff600000-ffffffffff601000 r-xp 00000000 00:00 0                  [vsyscall]

VM Arguments:
jvm_args: -Dfile.encoding=UTF-8 -Xbootclasspath:/home/gurutre/adt-bundle-linux-x86_64-20130729/sdk/platforms/android-18/android.jar 
java_command: org.eclipse.jdt.internal.junit.runner.RemoteTestRunner -version 3 -port 56474 -testLoaderClass org.eclipse.jdt.internal.junit.runner.junit3.JUnit3TestLoader -loaderpluginname org.eclipse.jdt.junit.runtime -classNames com.scoretracker.test.engine.ScoreTrackerEngineTest
Launcher Type: SUN_STANDARD

Environment Variables:
PATH=/usr/lib/lightdm/lightdm:/usr/local/sbin:/usr/local/bin:/usr/sbin:/usr/bin:/sbin:/bin:/usr/games:/usr/local/games:/home/gurutre/.rvm/bin
SHELL=/bin/bash
DISPLAY=:0

Signal Handlers:
SIGSEGV: [libjvm.so+0x84ed50], sa_mask[0]=0x7ffbfeff, sa_flags=0x10000004
SIGBUS: [libjvm.so+0x84ed50], sa_mask[0]=0x7ffbfeff, sa_flags=0x10000004
SIGFPE: [libjvm.so+0x6f14c0], sa_mask[0]=0x7ffbfeff, sa_flags=0x10000004
SIGPIPE: [libjvm.so+0x6f14c0], sa_mask[0]=0x7ffbfeff, sa_flags=0x10000004
SIGXFSZ: [libjvm.so+0x6f14c0], sa_mask[0]=0x7ffbfeff, sa_flags=0x10000004
SIGILL: [libjvm.so+0x6f14c0], sa_mask[0]=0x7ffbfeff, sa_flags=0x10000004
SIGUSR1: SIG_DFL, sa_mask[0]=0x00000000, sa_flags=0x00000000
SIGUSR2: [libjvm.so+0x6f1890], sa_mask[0]=0x00000004, sa_flags=0x10000004
SIGHUP: SIG_DFL, sa_mask[0]=0x00000000, sa_flags=0x00000000
SIGINT: SIG_DFL, sa_mask[0]=0x00000000, sa_flags=0x00000000
SIGTERM: SIG_DFL, sa_mask[0]=0x00000000, sa_flags=0x00000000
SIGQUIT: SIG_DFL, sa_mask[0]=0x00000000, sa_flags=0x00000000


---------------  S Y S T E M  ---------------

OS:Ubuntu 12.10 (quantal)
uname:Linux 3.5.0-40-generic #62-Ubuntu SMP Thu Aug 22 00:55:19 UTC 2013 x86_64
libc:glibc 2.15 NPTL 2.15 
rlimit: STACK 8192k, CORE 0k, NPROC 46536, NOFILE 4096, AS infinity
load average:0.20 0.49 0.54

/proc/meminfo:
MemTotal:        5997028 kB
MemFree:         2096488 kB
Buffers:          182028 kB
Cached:          1754796 kB
SwapCached:           24 kB
Active:          2721640 kB
Inactive:         886532 kB
Active(anon):    1656740 kB
Inactive(anon):   238656 kB
Active(file):    1064900 kB
Inactive(file):   647876 kB
Unevictable:       31340 kB
Mlocked:           31340 kB
SwapTotal:       6173692 kB
SwapFree:        6173668 kB
Dirty:               136 kB
Writeback:             0 kB
AnonPages:       1703348 kB
Mapped:           173624 kB
Shmem:            217792 kB
Slab:             145208 kB
SReclaimable:     116236 kB
SUnreclaim:        28972 kB
KernelStack:        3896 kB
PageTables:        30556 kB
NFS_Unstable:          0 kB
Bounce:                0 kB
WritebackTmp:          0 kB
CommitLimit:     9172204 kB
Committed_AS:    7290572 kB
VmallocTotal:   34359738367 kB
VmallocUsed:      450324 kB
VmallocChunk:   34359268560 kB
HardwareCorrupted:     0 kB
AnonHugePages:         0 kB
HugePages_Total:       0
HugePages_Free:        0
HugePages_Rsvd:        0
HugePages_Surp:        0
Hugepagesize:       2048 kB
DirectMap4k:       77824 kB
DirectMap2M:     6184960 kB


CPU:total 4 (2 cores per cpu, 2 threads per core) family 6 model 58 stepping 9, cmov, cx8, fxsr, mmx, sse, sse2, sse3, ssse3, sse4.1, sse4.2, popcnt, avx, ht, tsc, tscinvbit, tscinv

/proc/cpuinfo:
processor	: 0
vendor_id	: GenuineIntel
cpu family	: 6
model		: 58
model name	: Intel(R) Core(TM) i5-3210M CPU @ 2.50GHz
stepping	: 9
microcode	: 0x12
cpu MHz		: 2501.000
cache size	: 3072 KB
physical id	: 0
siblings	: 4
core id		: 0
cpu cores	: 2
apicid		: 0
initial apicid	: 0
fpu		: yes
fpu_exception	: yes
cpuid level	: 13
wp		: yes
flags		: fpu vme de pse tsc msr pae mce cx8 apic sep mtrr pge mca cmov pat pse36 clflush dts acpi mmx fxsr sse sse2 ss ht tm pbe syscall nx rdtscp lm constant_tsc arch_perfmon pebs bts rep_good nopl xtopology nonstop_tsc aperfmperf pni pclmulqdq dtes64 monitor ds_cpl vmx est tm2 ssse3 cx16 xtpr pdcm pcid sse4_1 sse4_2 x2apic popcnt tsc_deadline_timer aes xsave avx f16c rdrand lahf_lm ida arat epb xsaveopt pln pts dtherm tpr_shadow vnmi flexpriority ept vpid fsgsbase smep erms
bogomips	: 4988.42
clflush size	: 64
cache_alignment	: 64
address sizes	: 36 bits physical, 48 bits virtual
power management:

processor	: 1
vendor_id	: GenuineIntel
cpu family	: 6
model		: 58
model name	: Intel(R) Core(TM) i5-3210M CPU @ 2.50GHz
stepping	: 9
microcode	: 0x12
cpu MHz		: 2501.000
cache size	: 3072 KB
physical id	: 0
siblings	: 4
core id		: 1
cpu cores	: 2
apicid		: 2
initial apicid	: 2
fpu		: yes
fpu_exception	: yes
cpuid level	: 13
wp		: yes
flags		: fpu vme de pse tsc msr pae mce cx8 apic sep mtrr pge mca cmov pat pse36 clflush dts acpi mmx fxsr sse sse2 ss ht tm pbe syscall nx rdtscp lm constant_tsc arch_perfmon pebs bts rep_good nopl xtopology nonstop_tsc aperfmperf pni pclmulqdq dtes64 monitor ds_cpl vmx est tm2 ssse3 cx16 xtpr pdcm pcid sse4_1 sse4_2 x2apic popcnt tsc_deadline_timer aes xsave avx f16c rdrand lahf_lm ida arat epb xsaveopt pln pts dtherm tpr_shadow vnmi flexpriority ept vpid fsgsbase smep erms
bogomips	: 4988.42
clflush size	: 64
cache_alignment	: 64
address sizes	: 36 bits physical, 48 bits virtual
power management:

processor	: 2
vendor_id	: GenuineIntel
cpu family	: 6
model		: 58
model name	: Intel(R) Core(TM) i5-3210M CPU @ 2.50GHz
stepping	: 9
microcode	: 0x12
cpu MHz		: 2501.000
cache size	: 3072 KB
physical id	: 0
siblings	: 4
core id		: 0
cpu cores	: 2
apicid		: 1
initial apicid	: 1
fpu		: yes
fpu_exception	: yes
cpuid level	: 13
wp		: yes
flags		: fpu vme de pse tsc msr pae mce cx8 apic sep mtrr pge mca cmov pat pse36 clflush dts acpi mmx fxsr sse sse2 ss ht tm pbe syscall nx rdtscp lm constant_tsc arch_perfmon pebs bts rep_good nopl xtopology nonstop_tsc aperfmperf pni pclmulqdq dtes64 monitor ds_cpl vmx est tm2 ssse3 cx16 xtpr pdcm pcid sse4_1 sse4_2 x2apic popcnt tsc_deadline_timer aes xsave avx f16c rdrand lahf_lm ida arat epb xsaveopt pln pts dtherm tpr_shadow vnmi flexpriority ept vpid fsgsbase smep erms
bogomips	: 4988.42
clflush size	: 64
cache_alignment	: 64
address sizes	: 36 bits physical, 48 bits virtual
power management:

processor	: 3
vendor_id	: GenuineIntel
cpu family	: 6
model		: 58
model name	: Intel(R) Core(TM) i5-3210M CPU @ 2.50GHz
stepping	: 9
microcode	: 0x12
cpu MHz		: 2501.000
cache size	: 3072 KB
physical id	: 0
siblings	: 4
core id		: 1
cpu cores	: 2
apicid		: 3
initial apicid	: 3
fpu		: yes
fpu_exception	: yes
cpuid level	: 13
wp		: yes
flags		: fpu vme de pse tsc msr pae mce cx8 apic sep mtrr pge mca cmov pat pse36 clflush dts acpi mmx fxsr sse sse2 ss ht tm pbe syscall nx rdtscp lm constant_tsc arch_perfmon pebs bts rep_good nopl xtopology nonstop_tsc aperfmperf pni pclmulqdq dtes64 monitor ds_cpl vmx est tm2 ssse3 cx16 xtpr pdcm pcid sse4_1 sse4_2 x2apic popcnt tsc_deadline_timer aes xsave avx f16c rdrand lahf_lm ida arat epb xsaveopt pln pts dtherm tpr_shadow vnmi flexpriority ept vpid fsgsbase smep erms
bogomips	: 4988.42
clflush size	: 64
cache_alignment	: 64
address sizes	: 36 bits physical, 48 bits virtual
power management:



Memory: 4k page, physical 5997028k(2096488k free), swap 6173692k(6173668k free)

vm_info: OpenJDK 64-Bit Server VM (23.7-b01) for linux-amd64 JRE (1.7.0_25-b30), built on Jul  3 2013 13:56:52 by "buildd" with gcc 4.7.2

time: Mon Sep 23 15:26:04 2013
elapsed time: 0 seconds

